TN:
SF:/home/user/railcontrol/build/coverage/_deps/googletest-src/googletest/include/gtest/gtest-assertion-result.h
FN:155,161,_ZN7testing15AssertionResultC2IbEERKT_PNSt9enable_ifIXntsrSt14is_convertibleIS2_S0_E5valueEvE4typeE
FN:174,174,_ZNK7testing15AssertionResultcvbEv
FN:183,185,_ZNK7testing15AssertionResult7messageEv
FN:187,187,_ZNK7testing15AssertionResult15failure_messageEv
FN:191,194,_ZN7testing15AssertionResultlsIA100_cEERS0_RKT_
FN:191,194,_ZN7testing15AssertionResultlsIA106_cEERS0_RKT_
FN:191,194,_ZN7testing15AssertionResultlsIA11_cEERS0_RKT_
FN:191,194,_ZN7testing15AssertionResultlsIA12_cEERS0_RKT_
FN:191,194,_ZN7testing15AssertionResultlsIA13_cEERS0_RKT_
FN:191,194,_ZN7testing15AssertionResultlsIA14_cEERS0_RKT_
FN:191,194,_ZN7testing15AssertionResultlsIA15_cEERS0_RKT_
FN:191,194,_ZN7testing15AssertionResultlsIA16_cEERS0_RKT_
FN:191,194,_ZN7testing15AssertionResultlsIA17_cEERS0_RKT_
FN:191,194,_ZN7testing15AssertionResultlsIA24_cEERS0_RKT_
FN:191,194,_ZN7testing15AssertionResultlsIA27_cEERS0_RKT_
FN:191,194,_ZN7testing15AssertionResultlsIA29_cEERS0_RKT_
FN:191,194,_ZN7testing15AssertionResultlsIA2_cEERS0_RKT_
FN:191,194,_ZN7testing15AssertionResultlsIA3_cEERS0_RKT_
FN:191,194,_ZN7testing15AssertionResultlsIA5_cEERS0_RKT_
FN:191,194,_ZN7testing15AssertionResultlsIA6_cEERS0_RKT_
FN:191,194,_ZN7testing15AssertionResultlsIA7_cEERS0_RKT_
FN:191,194,_ZN7testing15AssertionResultlsIA9_cEERS0_RKT_
FN:191,194,_ZN7testing15AssertionResultlsINS_14TestPartResultEEERS0_RKT_
FN:191,194,_ZN7testing15AssertionResultlsINS_7MessageEEERS0_RKT_
FN:191,194,_ZN7testing15AssertionResultlsINSt7__cxx1112basic_stringIcSt11char_traitsIcESaIcEEEEERS0_RKT_
FN:191,194,_ZN7testing15AssertionResultlsINSt7__cxx1112basic_stringIwSt11char_traitsIwESaIwEEEEERS0_RKT_
FN:191,194,_ZN7testing15AssertionResultlsIPKcEERS0_RKT_
FN:191,194,_ZN7testing15AssertionResultlsIPKwEERS0_RKT_
FN:191,194,_ZN7testing15AssertionResultlsIdEERS0_RKT_
FN:206,209,_ZN7testing15AssertionResult13AppendMessageERKNS_7MessageE
FNDA:76,_ZN7testing15AssertionResultC2IbEERKT_PNSt9enable_ifIXntsrSt14is_convertibleIS2_S0_E5valueEvE4typeE
FNDA:76,_ZNK7testing15AssertionResultcvbEv
FNDA:0,_ZNK7testing15AssertionResult7messageEv
FNDA:0,_ZNK7testing15AssertionResult15failure_messageEv
FNDA:0,_ZN7testing15AssertionResultlsIA100_cEERS0_RKT_
FNDA:0,_ZN7testing15AssertionResultlsIA106_cEERS0_RKT_
FNDA:0,_ZN7testing15AssertionResultlsIA11_cEERS0_RKT_
FNDA:0,_ZN7testing15AssertionResultlsIA12_cEERS0_RKT_
FNDA:0,_ZN7testing15AssertionResultlsIA13_cEERS0_RKT_
FNDA:0,_ZN7testing15AssertionResultlsIA14_cEERS0_RKT_
FNDA:0,_ZN7testing15AssertionResultlsIA15_cEERS0_RKT_
FNDA:0,_ZN7testing15AssertionResultlsIA16_cEERS0_RKT_
FNDA:0,_ZN7testing15AssertionResultlsIA17_cEERS0_RKT_
FNDA:0,_ZN7testing15AssertionResultlsIA24_cEERS0_RKT_
FNDA:0,_ZN7testing15AssertionResultlsIA27_cEERS0_RKT_
FNDA:0,_ZN7testing15AssertionResultlsIA29_cEERS0_RKT_
FNDA:0,_ZN7testing15AssertionResultlsIA2_cEERS0_RKT_
FNDA:0,_ZN7testing15AssertionResultlsIA3_cEERS0_RKT_
FNDA:0,_ZN7testing15AssertionResultlsIA5_cEERS0_RKT_
FNDA:0,_ZN7testing15AssertionResultlsIA6_cEERS0_RKT_
FNDA:0,_ZN7testing15AssertionResultlsIA7_cEERS0_RKT_
FNDA:0,_ZN7testing15AssertionResultlsIA9_cEERS0_RKT_
FNDA:0,_ZN7testing15AssertionResultlsINS_14TestPartResultEEERS0_RKT_
FNDA:0,_ZN7testing15AssertionResultlsINS_7MessageEEERS0_RKT_
FNDA:0,_ZN7testing15AssertionResultlsINSt7__cxx1112basic_stringIcSt11char_traitsIcESaIcEEEEERS0_RKT_
FNDA:0,_ZN7testing15AssertionResultlsINSt7__cxx1112basic_stringIwSt11char_traitsIwESaIwEEEEERS0_RKT_
FNDA:0,_ZN7testing15AssertionResultlsIPKcEERS0_RKT_
FNDA:0,_ZN7testing15AssertionResultlsIPKwEERS0_RKT_
FNDA:0,_ZN7testing15AssertionResultlsIdEERS0_RKT_
FNDA:0,_ZN7testing15AssertionResult13AppendMessageERKNS_7MessageE
FNF:30
FNH:2
DA:155,76
DA:161,76
DA:174,76
DA:183,0
DA:184,0
DA:187,0
DA:191,0
DA:192,0
DA:193,0
DA:206,0
DA:207,0
DA:208,0
DA:209,0
LF:13
LH:3
end_of_record
TN:
SF:/home/user/railcontrol/build/coverage/_deps/googletest-src/googletest/include/gtest/gtest-matchers.h
FN:110,110,_ZN7testing19MatchResultListenerD0Ev
FN:110,110,_ZN7testing19MatchResultListenerD2Ev
FN:116,116,_ZN7testing25MatcherDescriberInterfaceD0Ev
FN:116,116,_ZN7testing25MatcherDescriberInterfaceD2Ev
FN:131,135,_ZNK7testing25MatcherDescriberInterface18DescribeNegationToEPSo
FN:185,185,_ZN7testing8internal24DummyMatchResultListenerC2Ev
FN:209,209,_ZN7testing8internal17SharedPayloadBase5UnrefEv
FN:215,215,_ZN7testing8internal13SharedPayloadINS0_9EqMatcherINSt7__cxx1112basic_stringIcSt11char_traitsIcESaIcEEEEEEC2EOS9_
FN:217,219,_ZN7testing8internal13SharedPayloadINS0_9EqMatcherINSt7__cxx1112basic_stringIcSt11char_traitsIcESaIcEEEEEE7DestroyEPNS0_17SharedPayloadBaseE
FN:232,235,_ZNK7testing8internal11MatcherBaseIRKNSt7__cxx1112basic_stringIcSt11char_traitsIcESaIcEEEE15MatchAndExplainES9_PNS_19MatchResultListenerE
FN:238,241,_ZNK7testing8internal11MatcherBaseIRKNSt7__cxx1112basic_stringIcSt11char_traitsIcESaIcEEEE7MatchesES9_
FN:244,247,_ZNK7testing8internal11MatcherBaseINSt7__cxx1112basic_stringIcSt11char_traitsIcESaIcEEEE10DescribeToEPSo
FN:244,247,_ZNK7testing8internal11MatcherBaseIRKNSt7__cxx1112basic_stringIcSt11char_traitsIcESaIcEEEE10DescribeToEPSo
FN:244,247,_ZNK7testing8internal11MatcherBaseIRKSt17basic_string_viewIcSt11char_traitsIcEEE10DescribeToEPSo
FN:244,247,_ZNK7testing8internal11MatcherBaseISt17basic_string_viewIcSt11char_traitsIcEEE10DescribeToEPSo
FN:250,253,_ZNK7testing8internal11MatcherBaseINSt7__cxx1112basic_stringIcSt11char_traitsIcESaIcEEEE18DescribeNegationToEPSo
FN:250,253,_ZNK7testing8internal11MatcherBaseIRKNSt7__cxx1112basic_stringIcSt11char_traitsIcESaIcEEEE18DescribeNegationToEPSo
FN:250,253,_ZNK7testing8internal11MatcherBaseIRKSt17basic_string_viewIcSt11char_traitsIcEEE18DescribeNegationToEPSo
FN:250,253,_ZNK7testing8internal11MatcherBaseISt17basic_string_viewIcSt11char_traitsIcEEE18DescribeNegationToEPSo
FN:270,270,_ZN7testing8internal11MatcherBaseINSt7__cxx1112basic_stringIcSt11char_traitsIcESaIcEEEEC2Ev
FN:270,270,_ZN7testing8internal11MatcherBaseIRKNSt7__cxx1112basic_stringIcSt11char_traitsIcESaIcEEEEC2Ev
FN:270,270,_ZN7testing8internal11MatcherBaseIRKSt17basic_string_viewIcSt11char_traitsIcEEEC2Ev
FN:270,270,_ZN7testing8internal11MatcherBaseISt17basic_string_viewIcSt11char_traitsIcEEEC2Ev
FN:281,283,_ZN7testing8internal11MatcherBaseINSt7__cxx1112basic_stringIcSt11char_traitsIcESaIcEEEEC2INS0_9EqMatcherIS7_EEvEEOT_
FN:281,283,_ZN7testing8internal11MatcherBaseIRKNSt7__cxx1112basic_stringIcSt11char_traitsIcESaIcEEEEC2INS0_9EqMatcherIS7_EEvEEOT_
FN:281,283,_ZN7testing8internal11MatcherBaseIRKSt17basic_string_viewIcSt11char_traitsIcEEEC2INS0_9EqMatcherINSt7__cxx1112basic_stringIcS4_SaIcEEEEEvEEOT_
FN:281,283,_ZN7testing8internal11MatcherBaseISt17basic_string_viewIcSt11char_traitsIcEEEC2INS0_9EqMatcherINSt7__cxx1112basic_stringIcS4_SaIcEEEEEvEEOT_
FN:299,302,_ZN7testing8internal11MatcherBaseIRKNSt7__cxx1112basic_stringIcSt11char_traitsIcESaIcEEEEC2EOSA_
FN:304,311,_ZN7testing8internal11MatcherBaseINSt7__cxx1112basic_stringIcSt11char_traitsIcESaIcEEEEaSEOS8_
FN:304,311,_ZN7testing8internal11MatcherBaseIRKNSt7__cxx1112basic_stringIcSt11char_traitsIcESaIcEEEEaSEOSA_
FN:304,311,_ZN7testing8internal11MatcherBaseIRKSt17basic_string_viewIcSt11char_traitsIcEEEaSEOS8_
FN:304,311,_ZN7testing8internal11MatcherBaseISt17basic_string_viewIcSt11char_traitsIcEEEaSEOS6_
FN:313,313,_ZN7testing8internal11MatcherBaseINSt7__cxx1112basic_stringIcSt11char_traitsIcESaIcEEEED0Ev
FN:313,313,_ZN7testing8internal11MatcherBaseINSt7__cxx1112basic_stringIcSt11char_traitsIcESaIcEEEED2Ev
FN:313,313,_ZN7testing8internal11MatcherBaseIRKNSt7__cxx1112basic_stringIcSt11char_traitsIcESaIcEEEED0Ev
FN:313,313,_ZN7testing8internal11MatcherBaseIRKNSt7__cxx1112basic_stringIcSt11char_traitsIcESaIcEEEED2Ev
FN:313,313,_ZN7testing8internal11MatcherBaseIRKSt17basic_string_viewIcSt11char_traitsIcEEED0Ev
FN:313,313,_ZN7testing8internal11MatcherBaseIRKSt17basic_string_viewIcSt11char_traitsIcEEED2Ev
FN:313,313,_ZN7testing8internal11MatcherBaseISt17basic_string_viewIcSt11char_traitsIcEEED0Ev
FN:313,313,_ZN7testing8internal11MatcherBaseISt17basic_string_viewIcSt11char_traitsIcEEED2Ev
FN:327,329,_ZNK7testing8internal11MatcherBaseINSt7__cxx1112basic_stringIcSt11char_traitsIcESaIcEEEE8IsSharedEv
FN:327,329,_ZNK7testing8internal11MatcherBaseIRKNSt7__cxx1112basic_stringIcSt11char_traitsIcESaIcEEEE8IsSharedEv
FN:327,329,_ZNK7testing8internal11MatcherBaseIRKSt17basic_string_viewIcSt11char_traitsIcEEE8IsSharedEv
FN:327,329,_ZNK7testing8internal11MatcherBaseISt17basic_string_viewIcSt11char_traitsIcEEE8IsSharedEv
FN:333,337,_ZN7testing8internal11MatcherBaseINSt7__cxx1112basic_stringIcSt11char_traitsIcESaIcEEEE19MatchAndExplainImplINS8_11ValuePolicyINS0_9EqMatcherIS7_EELb0EEEEEDTcldtclsrT_3Getfp_E15MatchAndExplainfp0_clptfp1_L_ZNS_19MatchResultListener6streamEvEEEERKS8_RKS7_PSF_
FN:333,337,_ZN7testing8internal11MatcherBaseIRKNSt7__cxx1112basic_stringIcSt11char_traitsIcESaIcEEEE19MatchAndExplainImplINSA_11ValuePolicyINS0_9EqMatcherIS7_EELb0EEEEEDTcldtclsrT_3Getfp_E15MatchAndExplainfp0_clptfp1_L_ZNS_19MatchResultListener6streamEvEEEERKSA_S9_PSH_
FN:333,337,_ZN7testing8internal11MatcherBaseIRKSt17basic_string_viewIcSt11char_traitsIcEEE19MatchAndExplainImplINS8_11ValuePolicyINS0_9EqMatcherINSt7__cxx1112basic_stringIcS4_SaIcEEEEELb0EEEEEDTcldtclsrT_3Getfp_E15MatchAndExplainfp0_clptfp1_L_ZNS_19MatchResultListener6streamEvEEEERKS8_S7_PSJ_
FN:333,337,_ZN7testing8internal11MatcherBaseISt17basic_string_viewIcSt11char_traitsIcEEE19MatchAndExplainImplINS6_11ValuePolicyINS0_9EqMatcherINSt7__cxx1112basic_stringIcS4_SaIcEEEEELb0EEEEEDTcldtclsrT_3Getfp_E15MatchAndExplainfp0_clptfp1_L_ZNS_19MatchResultListener6streamEvEEEERKS6_RKS5_PSH_
FN:347,354,_ZN7testing8internal11MatcherBaseINSt7__cxx1112basic_stringIcSt11char_traitsIcESaIcEEEE12DescribeImplINS8_11ValuePolicyINS0_9EqMatcherIS7_EELb0EEEEEvRKS8_PSob
FN:347,354,_ZN7testing8internal11MatcherBaseIRKNSt7__cxx1112basic_stringIcSt11char_traitsIcESaIcEEEE12DescribeImplINSA_11ValuePolicyINS0_9EqMatcherIS7_EELb0EEEEEvRKSA_PSob
FN:347,354,_ZN7testing8internal11MatcherBaseIRKSt17basic_string_viewIcSt11char_traitsIcEEE12DescribeImplINS8_11ValuePolicyINS0_9EqMatcherINSt7__cxx1112basic_stringIcS4_SaIcEEEEELb0EEEEEvRKS8_PSob
FN:347,354,_ZN7testing8internal11MatcherBaseISt17basic_string_viewIcSt11char_traitsIcEEE12DescribeImplINS6_11ValuePolicyINS0_9EqMatcherINSt7__cxx1112basic_stringIcS4_SaIcEEEEELb0EEEEEvRKS6_PSob
FN:357,370,_ZN7testing8internal11MatcherBaseINSt7__cxx1112basic_stringIcSt11char_traitsIcESaIcEEEE16GetDescriberImplINS8_11ValuePolicyINS0_9EqMatcherIS7_EELb0EEEEEPKNS_25MatcherDescriberInterfaceERKS8_
FN:357,370,_ZN7testing8internal11MatcherBaseIRKNSt7__cxx1112basic_stringIcSt11char_traitsIcESaIcEEEE16GetDescriberImplINSA_11ValuePolicyINS0_9EqMatcherIS7_EELb0EEEEEPKNS_25MatcherDescriberInterfaceERKSA_
FN:357,370,_ZN7testing8internal11MatcherBaseIRKSt17basic_string_viewIcSt11char_traitsIcEEE16GetDescriberImplINS8_11ValuePolicyINS0_9EqMatcherINSt7__cxx1112basic_stringIcS4_SaIcEEEEELb0EEEEEPKNS_25MatcherDescriberInterfaceERKS8_
FN:357,370,_ZN7testing8internal11MatcherBaseISt17basic_string_viewIcSt11char_traitsIcEEE16GetDescriberImplINS6_11ValuePolicyINS0_9EqMatcherINSt7__cxx1112basic_stringIcS4_SaIcEEEEELb0EEEEEPKNS_25MatcherDescriberInterfaceERKS6_
FN:373,378,_ZN7testing8internal11MatcherBaseINSt7__cxx1112basic_stringIcSt11char_traitsIcESaIcEEEE9GetVTableINS8_11ValuePolicyINS0_9EqMatcherIS7_EELb0EEEEEPKNS8_6VTableEv
FN:373,378,_ZN7testing8internal11MatcherBaseIRKNSt7__cxx1112basic_stringIcSt11char_traitsIcESaIcEEEE9GetVTableINSA_11ValuePolicyINS0_9EqMatcherIS7_EELb0EEEEEPKNSA_6VTableEv
FN:373,378,_ZN7testing8internal11MatcherBaseIRKSt17basic_string_viewIcSt11char_traitsIcEEE9GetVTableINS8_11ValuePolicyINS0_9EqMatcherINSt7__cxx1112basic_stringIcS4_SaIcEEEEELb0EEEEEPKNS8_6VTableEv
FN:373,378,_ZN7testing8internal11MatcherBaseISt17basic_string_viewIcSt11char_traitsIcEEE9GetVTableINS6_11ValuePolicyINS0_9EqMatcherINSt7__cxx1112basic_stringIcS4_SaIcEEEEELb0EEEEEPKNS6_6VTableEv
FN:389,393,_ZN7testing8internal11MatcherBaseINSt7__cxx1112basic_stringIcSt11char_traitsIcESaIcEEEE7DestroyEv
FN:389,393,_ZN7testing8internal11MatcherBaseIRKNSt7__cxx1112basic_stringIcSt11char_traitsIcESaIcEEEE7DestroyEv
FN:389,393,_ZN7testing8internal11MatcherBaseIRKSt17basic_string_viewIcSt11char_traitsIcEEE7DestroyEv
FN:389,393,_ZN7testing8internal11MatcherBaseISt17basic_string_viewIcSt11char_traitsIcEEE7DestroyEv
FN:420,422,_ZN7testing8internal11MatcherBaseINSt7__cxx1112basic_stringIcSt11char_traitsIcESaIcEEEE11ValuePolicyINS0_9EqMatcherIS7_EELb0EE3GetERKS8_
FN:420,422,_ZN7testing8internal11MatcherBaseIRKNSt7__cxx1112basic_stringIcSt11char_traitsIcESaIcEEEE11ValuePolicyINS0_9EqMatcherIS7_EELb0EE3GetERKSA_
FN:420,422,_ZN7testing8internal11MatcherBaseIRKSt17basic_string_viewIcSt11char_traitsIcEEE11ValuePolicyINS0_9EqMatcherINSt7__cxx1112basic_stringIcS4_SaIcEEEEELb0EE3GetERKS8_
FN:420,422,_ZN7testing8internal11MatcherBaseISt17basic_string_viewIcSt11char_traitsIcEEE11ValuePolicyINS0_9EqMatcherINSt7__cxx1112basic_stringIcS4_SaIcEEEEELb0EE3GetERKS6_
FN:424,426,_ZN7testing8internal11MatcherBaseINSt7__cxx1112basic_stringIcSt11char_traitsIcESaIcEEEE11ValuePolicyINS0_9EqMatcherIS7_EELb0EE4InitISB_EEvRS8_OT_
FN:424,426,_ZN7testing8internal11MatcherBaseIRKNSt7__cxx1112basic_stringIcSt11char_traitsIcESaIcEEEE11ValuePolicyINS0_9EqMatcherIS7_EELb0EE4InitISD_EEvRSA_OT_
FN:424,426,_ZN7testing8internal11MatcherBaseIRKSt17basic_string_viewIcSt11char_traitsIcEEE11ValuePolicyINS0_9EqMatcherINSt7__cxx1112basic_stringIcS4_SaIcEEEEELb0EE4InitISF_EEvRS8_OT_
FN:424,426,_ZN7testing8internal11MatcherBaseISt17basic_string_viewIcSt11char_traitsIcEEE11ValuePolicyINS0_9EqMatcherINSt7__cxx1112basic_stringIcS4_SaIcEEEEELb0EE4InitISD_EEvRS6_OT_
FN:445,450,_ZN7testing8internal11MatcherBaseINSt7__cxx1112basic_stringIcSt11char_traitsIcESaIcEEEE4InitINS0_9EqMatcherIS7_EEEEvOT_
FN:445,450,_ZN7testing8internal11MatcherBaseIRKNSt7__cxx1112basic_stringIcSt11char_traitsIcESaIcEEEE4InitINS0_9EqMatcherIS7_EEEEvOT_
FN:445,450,_ZN7testing8internal11MatcherBaseIRKSt17basic_string_viewIcSt11char_traitsIcEEE4InitINS0_9EqMatcherINSt7__cxx1112basic_stringIcS4_SaIcEEEEEEEvOT_
FN:445,450,_ZN7testing8internal11MatcherBaseISt17basic_string_viewIcSt11char_traitsIcEEE4InitINS0_9EqMatcherINSt7__cxx1112basic_stringIcS4_SaIcEEEEEEEvOT_
FN:504,505,_ZN7testing7MatcherIRKNSt7__cxx1112basic_stringIcSt11char_traitsIcESaIcEEEEC2INS_8internal9EqMatcherIS6_EEvEEOT_
FN:528,529,_ZN7testing7MatcherINSt7__cxx1112basic_stringIcSt11char_traitsIcESaIcEEEEC2INS_8internal9EqMatcherIS6_EEvEEOT_
FN:554,556,_ZN7testing7MatcherIRKSt17basic_string_viewIcSt11char_traitsIcEEEC2INS_8internal9EqMatcherINSt7__cxx1112basic_stringIcS3_SaIcEEEEEvEEOT_
FN:582,583,_ZN7testing7MatcherISt17basic_string_viewIcSt11char_traitsIcEEEC2INS_8internal9EqMatcherINSt7__cxx1112basic_stringIcS3_SaIcEEEEEvEEOT_
FN:694,694,_ZN7testing8internal14ComparisonBaseINS0_9EqMatcherINSt7__cxx1112basic_stringIcSt11char_traitsIcESaIcEEEEES8_St8equal_toIvEEC2ERKS8_
FN:699,701,_ZNK7testing8internal14ComparisonBaseINS0_9EqMatcherINSt7__cxx1112basic_stringIcSt11char_traitsIcESaIcEEEEES8_St8equal_toIvEE15MatchAndExplainIS8_EEbRKT_PSo
FN:699,701,_ZNK7testing8internal14ComparisonBaseINS0_9EqMatcherINSt7__cxx1112basic_stringIcSt11char_traitsIcESaIcEEEEES8_St8equal_toIvEE15MatchAndExplainISt17basic_string_viewIcS6_EEEbRKT_PSo
FN:702,705,_ZNK7testing8internal14ComparisonBaseINS0_9EqMatcherINSt7__cxx1112basic_stringIcSt11char_traitsIcESaIcEEEEES8_St8equal_toIvEE10DescribeToEPSo
FN:706,709,_ZNK7testing8internal14ComparisonBaseINS0_9EqMatcherINSt7__cxx1112basic_stringIcSt11char_traitsIcESaIcEEEEES8_St8equal_toIvEE18DescribeNegationToEPSo
FN:713,715,_ZN7testing8internal14ComparisonBaseINS0_9EqMatcherINSt7__cxx1112basic_stringIcSt11char_traitsIcESaIcEEEEES8_St8equal_toIvEE6UnwrapIS8_EERKT_SG_
FN:727,728,_ZN7testing8internal9EqMatcherINSt7__cxx1112basic_stringIcSt11char_traitsIcESaIcEEEEC2ERKS7_
FN:729,729,_ZN7testing8internal9EqMatcherINSt7__cxx1112basic_stringIcSt11char_traitsIcESaIcEEEE4DescEv
FN:730,730,_ZN7testing8internal9EqMatcherINSt7__cxx1112basic_stringIcSt11char_traitsIcESaIcEEEE11NegatedDescEv
FN:83,83,_ZN7testing19MatchResultListenerC2EPSo
FN:862,864,_ZN7testing2EqINSt7__cxx1112basic_stringIcSt11char_traitsIcESaIcEEEEENS_8internal9EqMatcherIT_EES9_
FN:95,95,_ZN7testing19MatchResultListener6streamEv
FNDA:0,_ZN7testing19MatchResultListenerD0Ev
FNDA:0,_ZN7testing19MatchResultListenerD2Ev
FNDA:0,_ZN7testing25MatcherDescriberInterfaceD0Ev
FNDA:0,_ZN7testing25MatcherDescriberInterfaceD2Ev
FNDA:0,_ZNK7testing25MatcherDescriberInterface18DescribeNegationToEPSo
FNDA:0,_ZN7testing8internal24DummyMatchResultListenerC2Ev
FNDA:0,_ZN7testing8internal17SharedPayloadBase5UnrefEv
FNDA:0,_ZN7testing8internal13SharedPayloadINS0_9EqMatcherINSt7__cxx1112basic_stringIcSt11char_traitsIcESaIcEEEEEEC2EOS9_
FNDA:0,_ZN7testing8internal13SharedPayloadINS0_9EqMatcherINSt7__cxx1112basic_stringIcSt11char_traitsIcESaIcEEEEEE7DestroyEPNS0_17SharedPayloadBaseE
FNDA:0,_ZNK7testing8internal11MatcherBaseIRKNSt7__cxx1112basic_stringIcSt11char_traitsIcESaIcEEEE15MatchAndExplainES9_PNS_19MatchResultListenerE
FNDA:0,_ZNK7testing8internal11MatcherBaseIRKNSt7__cxx1112basic_stringIcSt11char_traitsIcESaIcEEEE7MatchesES9_
FNDA:0,_ZNK7testing8internal11MatcherBaseINSt7__cxx1112basic_stringIcSt11char_traitsIcESaIcEEEE10DescribeToEPSo
FNDA:0,_ZNK7testing8internal11MatcherBaseIRKNSt7__cxx1112basic_stringIcSt11char_traitsIcESaIcEEEE10DescribeToEPSo
FNDA:0,_ZNK7testing8internal11MatcherBaseIRKSt17basic_string_viewIcSt11char_traitsIcEEE10DescribeToEPSo
FNDA:0,_ZNK7testing8internal11MatcherBaseISt17basic_string_viewIcSt11char_traitsIcEEE10DescribeToEPSo
FNDA:0,_ZNK7testing8internal11MatcherBaseINSt7__cxx1112basic_stringIcSt11char_traitsIcESaIcEEEE18DescribeNegationToEPSo
FNDA:0,_ZNK7testing8internal11MatcherBaseIRKNSt7__cxx1112basic_stringIcSt11char_traitsIcESaIcEEEE18DescribeNegationToEPSo
FNDA:0,_ZNK7testing8internal11MatcherBaseIRKSt17basic_string_viewIcSt11char_traitsIcEEE18DescribeNegationToEPSo
FNDA:0,_ZNK7testing8internal11MatcherBaseISt17basic_string_viewIcSt11char_traitsIcEEE18DescribeNegationToEPSo
FNDA:0,_ZN7testing8internal11MatcherBaseINSt7__cxx1112basic_stringIcSt11char_traitsIcESaIcEEEEC2Ev
FNDA:0,_ZN7testing8internal11MatcherBaseIRKNSt7__cxx1112basic_stringIcSt11char_traitsIcESaIcEEEEC2Ev
FNDA:0,_ZN7testing8internal11MatcherBaseIRKSt17basic_string_viewIcSt11char_traitsIcEEEC2Ev
FNDA:0,_ZN7testing8internal11MatcherBaseISt17basic_string_viewIcSt11char_traitsIcEEEC2Ev
FNDA:0,_ZN7testing8internal11MatcherBaseINSt7__cxx1112basic_stringIcSt11char_traitsIcESaIcEEEEC2INS0_9EqMatcherIS7_EEvEEOT_
FNDA:0,_ZN7testing8internal11MatcherBaseIRKNSt7__cxx1112basic_stringIcSt11char_traitsIcESaIcEEEEC2INS0_9EqMatcherIS7_EEvEEOT_
FNDA:0,_ZN7testing8internal11MatcherBaseIRKSt17basic_string_viewIcSt11char_traitsIcEEEC2INS0_9EqMatcherINSt7__cxx1112basic_stringIcS4_SaIcEEEEEvEEOT_
FNDA:0,_ZN7testing8internal11MatcherBaseISt17basic_string_viewIcSt11char_traitsIcEEEC2INS0_9EqMatcherINSt7__cxx1112basic_stringIcS4_SaIcEEEEEvEEOT_
FNDA:0,_ZN7testing8internal11MatcherBaseIRKNSt7__cxx1112basic_stringIcSt11char_traitsIcESaIcEEEEC2EOSA_
FNDA:0,_ZN7testing8internal11MatcherBaseINSt7__cxx1112basic_stringIcSt11char_traitsIcESaIcEEEEaSEOS8_
FNDA:0,_ZN7testing8internal11MatcherBaseIRKNSt7__cxx1112basic_stringIcSt11char_traitsIcESaIcEEEEaSEOSA_
FNDA:0,_ZN7testing8internal11MatcherBaseIRKSt17basic_string_viewIcSt11char_traitsIcEEEaSEOS8_
FNDA:0,_ZN7testing8internal11MatcherBaseISt17basic_string_viewIcSt11char_traitsIcEEEaSEOS6_
FNDA:0,_ZN7testing8internal11MatcherBaseINSt7__cxx1112basic_stringIcSt11char_traitsIcESaIcEEEED0Ev
FNDA:0,_ZN7testing8internal11MatcherBaseINSt7__cxx1112basic_stringIcSt11char_traitsIcESaIcEEEED2Ev
FNDA:0,_ZN7testing8internal11MatcherBaseIRKNSt7__cxx1112basic_stringIcSt11char_traitsIcESaIcEEEED0Ev
FNDA:0,_ZN7testing8internal11MatcherBaseIRKNSt7__cxx1112basic_stringIcSt11char_traitsIcESaIcEEEED2Ev
FNDA:0,_ZN7testing8internal11MatcherBaseIRKSt17basic_string_viewIcSt11char_traitsIcEEED0Ev
FNDA:0,_ZN7testing8internal11MatcherBaseIRKSt17basic_string_viewIcSt11char_traitsIcEEED2Ev
FNDA:0,_ZN7testing8internal11MatcherBaseISt17basic_string_viewIcSt11char_traitsIcEEED0Ev
FNDA:0,_ZN7testing8internal11MatcherBaseISt17basic_string_viewIcSt11char_traitsIcEEED2Ev
FNDA:0,_ZNK7testing8internal11MatcherBaseINSt7__cxx1112basic_stringIcSt11char_traitsIcESaIcEEEE8IsSharedEv
FNDA:0,_ZNK7testing8internal11MatcherBaseIRKNSt7__cxx1112basic_stringIcSt11char_traitsIcESaIcEEEE8IsSharedEv
FNDA:0,_ZNK7testing8internal11MatcherBaseIRKSt17basic_string_viewIcSt11char_traitsIcEEE8IsSharedEv
FNDA:0,_ZNK7testing8internal11MatcherBaseISt17basic_string_viewIcSt11char_traitsIcEEE8IsSharedEv
FNDA:0,_ZN7testing8internal11MatcherBaseINSt7__cxx1112basic_stringIcSt11char_traitsIcESaIcEEEE19MatchAndExplainImplINS8_11ValuePolicyINS0_9EqMatcherIS7_EELb0EEEEEDTcldtclsrT_3Getfp_E15MatchAndExplainfp0_clptfp1_L_ZNS_19MatchResultListener6streamEvEEEERKS8_RKS7_PSF_
FNDA:0,_ZN7testing8internal11MatcherBaseIRKNSt7__cxx1112basic_stringIcSt11char_traitsIcESaIcEEEE19MatchAndExplainImplINSA_11ValuePolicyINS0_9EqMatcherIS7_EELb0EEEEEDTcldtclsrT_3Getfp_E15MatchAndExplainfp0_clptfp1_L_ZNS_19MatchResultListener6streamEvEEEERKSA_S9_PSH_
FNDA:0,_ZN7testing8internal11MatcherBaseIRKSt17basic_string_viewIcSt11char_traitsIcEEE19MatchAndExplainImplINS8_11ValuePolicyINS0_9EqMatcherINSt7__cxx1112basic_stringIcS4_SaIcEEEEELb0EEEEEDTcldtclsrT_3Getfp_E15MatchAndExplainfp0_clptfp1_L_ZNS_19MatchResultListener6streamEvEEEERKS8_S7_PSJ_
FNDA:0,_ZN7testing8internal11MatcherBaseISt17basic_string_viewIcSt11char_traitsIcEEE19MatchAndExplainImplINS6_11ValuePolicyINS0_9EqMatcherINSt7__cxx1112basic_stringIcS4_SaIcEEEEELb0EEEEEDTcldtclsrT_3Getfp_E15MatchAndExplainfp0_clptfp1_L_ZNS_19MatchResultListener6streamEvEEEERKS6_RKS5_PSH_
FNDA:0,_ZN7testing8internal11MatcherBaseINSt7__cxx1112basic_stringIcSt11char_traitsIcESaIcEEEE12DescribeImplINS8_11ValuePolicyINS0_9EqMatcherIS7_EELb0EEEEEvRKS8_PSob
FNDA:0,_ZN7testing8internal11MatcherBaseIRKNSt7__cxx1112basic_stringIcSt11char_traitsIcESaIcEEEE12DescribeImplINSA_11ValuePolicyINS0_9EqMatcherIS7_EELb0EEEEEvRKSA_PSob
FNDA:0,_ZN7testing8internal11MatcherBaseIRKSt17basic_string_viewIcSt11char_traitsIcEEE12DescribeImplINS8_11ValuePolicyINS0_9EqMatcherINSt7__cxx1112basic_stringIcS4_SaIcEEEEELb0EEEEEvRKS8_PSob
FNDA:0,_ZN7testing8internal11MatcherBaseISt17basic_string_viewIcSt11char_traitsIcEEE12DescribeImplINS6_11ValuePolicyINS0_9EqMatcherINSt7__cxx1112basic_stringIcS4_SaIcEEEEELb0EEEEEvRKS6_PSob
FNDA:0,_ZN7testing8internal11MatcherBaseINSt7__cxx1112basic_stringIcSt11char_traitsIcESaIcEEEE16GetDescriberImplINS8_11ValuePolicyINS0_9EqMatcherIS7_EELb0EEEEEPKNS_25MatcherDescriberInterfaceERKS8_
FNDA:0,_ZN7testing8internal11MatcherBaseIRKNSt7__cxx1112basic_stringIcSt11char_traitsIcESaIcEEEE16GetDescriberImplINSA_11ValuePolicyINS0_9EqMatcherIS7_EELb0EEEEEPKNS_25MatcherDescriberInterfaceERKSA_
FNDA:0,_ZN7testing8internal11MatcherBaseIRKSt17basic_string_viewIcSt11char_traitsIcEEE16GetDescriberImplINS8_11ValuePolicyINS0_9EqMatcherINSt7__cxx1112basic_stringIcS4_SaIcEEEEELb0EEEEEPKNS_25MatcherDescriberInterfaceERKS8_
FNDA:0,_ZN7testing8internal11MatcherBaseISt17basic_string_viewIcSt11char_traitsIcEEE16GetDescriberImplINS6_11ValuePolicyINS0_9EqMatcherINSt7__cxx1112basic_stringIcS4_SaIcEEEEELb0EEEEEPKNS_25MatcherDescriberInterfaceERKS6_
FNDA:0,_ZN7testing8internal11MatcherBaseINSt7__cxx1112basic_stringIcSt11char_traitsIcESaIcEEEE9GetVTableINS8_11ValuePolicyINS0_9EqMatcherIS7_EELb0EEEEEPKNS8_6VTableEv
FNDA:0,_ZN7testing8internal11MatcherBaseIRKNSt7__cxx1112basic_stringIcSt11char_traitsIcESaIcEEEE9GetVTableINSA_11ValuePolicyINS0_9EqMatcherIS7_EELb0EEEEEPKNSA_6VTableEv
FNDA:0,_ZN7testing8internal11MatcherBaseIRKSt17basic_string_viewIcSt11char_traitsIcEEE9GetVTableINS8_11ValuePolicyINS0_9EqMatcherINSt7__cxx1112basic_stringIcS4_SaIcEEEEELb0EEEEEPKNS8_6VTableEv
FNDA:0,_ZN7testing8internal11MatcherBaseISt17basic_string_viewIcSt11char_traitsIcEEE9GetVTableINS6_11ValuePolicyINS0_9EqMatcherINSt7__cxx1112basic_stringIcS4_SaIcEEEEELb0EEEEEPKNS6_6VTableEv
FNDA:0,_ZN7testing8internal11MatcherBaseINSt7__cxx1112basic_stringIcSt11char_traitsIcESaIcEEEE7DestroyEv
FNDA:0,_ZN7testing8internal11MatcherBaseIRKNSt7__cxx1112basic_stringIcSt11char_traitsIcESaIcEEEE7DestroyEv
FNDA:0,_ZN7testing8internal11MatcherBaseIRKSt17basic_string_viewIcSt11char_traitsIcEEE7DestroyEv
FNDA:0,_ZN7testing8internal11MatcherBaseISt17basic_string_viewIcSt11char_traitsIcEEE7DestroyEv
FNDA:0,_ZN7testing8internal11MatcherBaseINSt7__cxx1112basic_stringIcSt11char_traitsIcESaIcEEEE11ValuePolicyINS0_9EqMatcherIS7_EELb0EE3GetERKS8_
FNDA:0,_ZN7testing8internal11MatcherBaseIRKNSt7__cxx1112basic_stringIcSt11char_traitsIcESaIcEEEE11ValuePolicyINS0_9EqMatcherIS7_EELb0EE3GetERKSA_
FNDA:0,_ZN7testing8internal11MatcherBaseIRKSt17basic_string_viewIcSt11char_traitsIcEEE11ValuePolicyINS0_9EqMatcherINSt7__cxx1112basic_stringIcS4_SaIcEEEEELb0EE3GetERKS8_
FNDA:0,_ZN7testing8internal11MatcherBaseISt17basic_string_viewIcSt11char_traitsIcEEE11ValuePolicyINS0_9EqMatcherINSt7__cxx1112basic_stringIcS4_SaIcEEEEELb0EE3GetERKS6_
FNDA:0,_ZN7testing8internal11MatcherBaseINSt7__cxx1112basic_stringIcSt11char_traitsIcESaIcEEEE11ValuePolicyINS0_9EqMatcherIS7_EELb0EE4InitISB_EEvRS8_OT_
FNDA:0,_ZN7testing8internal11MatcherBaseIRKNSt7__cxx1112basic_stringIcSt11char_traitsIcESaIcEEEE11ValuePolicyINS0_9EqMatcherIS7_EELb0EE4InitISD_EEvRSA_OT_
FNDA:0,_ZN7testing8internal11MatcherBaseIRKSt17basic_string_viewIcSt11char_traitsIcEEE11ValuePolicyINS0_9EqMatcherINSt7__cxx1112basic_stringIcS4_SaIcEEEEELb0EE4InitISF_EEvRS8_OT_
FNDA:0,_ZN7testing8internal11MatcherBaseISt17basic_string_viewIcSt11char_traitsIcEEE11ValuePolicyINS0_9EqMatcherINSt7__cxx1112basic_stringIcS4_SaIcEEEEELb0EE4InitISD_EEvRS6_OT_
FNDA:0,_ZN7testing8internal11MatcherBaseINSt7__cxx1112basic_stringIcSt11char_traitsIcESaIcEEEE4InitINS0_9EqMatcherIS7_EEEEvOT_
FNDA:0,_ZN7testing8internal11MatcherBaseIRKNSt7__cxx1112basic_stringIcSt11char_traitsIcESaIcEEEE4InitINS0_9EqMatcherIS7_EEEEvOT_
FNDA:0,_ZN7testing8internal11MatcherBaseIRKSt17basic_string_viewIcSt11char_traitsIcEEE4InitINS0_9EqMatcherINSt7__cxx1112basic_stringIcS4_SaIcEEEEEEEvOT_
FNDA:0,_ZN7testing8internal11MatcherBaseISt17basic_string_viewIcSt11char_traitsIcEEE4InitINS0_9EqMatcherINSt7__cxx1112basic_stringIcS4_SaIcEEEEEEEvOT_
FNDA:0,_ZN7testing7MatcherIRKNSt7__cxx1112basic_stringIcSt11char_traitsIcESaIcEEEEC2INS_8internal9EqMatcherIS6_EEvEEOT_
FNDA:0,_ZN7testing7MatcherINSt7__cxx1112basic_stringIcSt11char_traitsIcESaIcEEEEC2INS_8internal9EqMatcherIS6_EEvEEOT_
FNDA:0,_ZN7testing7MatcherIRKSt17basic_string_viewIcSt11char_traitsIcEEEC2INS_8internal9EqMatcherINSt7__cxx1112basic_stringIcS3_SaIcEEEEEvEEOT_
FNDA:0,_ZN7testing7MatcherISt17basic_string_viewIcSt11char_traitsIcEEEC2INS_8internal9EqMatcherINSt7__cxx1112basic_stringIcS3_SaIcEEEEEvEEOT_
FNDA:0,_ZN7testing8internal14ComparisonBaseINS0_9EqMatcherINSt7__cxx1112basic_stringIcSt11char_traitsIcESaIcEEEEES8_St8equal_toIvEEC2ERKS8_
FNDA:0,_ZNK7testing8internal14ComparisonBaseINS0_9EqMatcherINSt7__cxx1112basic_stringIcSt11char_traitsIcESaIcEEEEES8_St8equal_toIvEE15MatchAndExplainIS8_EEbRKT_PSo
FNDA:0,_ZNK7testing8internal14ComparisonBaseINS0_9EqMatcherINSt7__cxx1112basic_stringIcSt11char_traitsIcESaIcEEEEES8_St8equal_toIvEE15MatchAndExplainISt17basic_string_viewIcS6_EEEbRKT_PSo
FNDA:0,_ZNK7testing8internal14ComparisonBaseINS0_9EqMatcherINSt7__cxx1112basic_stringIcSt11char_traitsIcESaIcEEEEES8_St8equal_toIvEE10DescribeToEPSo
FNDA:0,_ZNK7testing8internal14ComparisonBaseINS0_9EqMatcherINSt7__cxx1112basic_stringIcSt11char_traitsIcESaIcEEEEES8_St8equal_toIvEE18DescribeNegationToEPSo
FNDA:0,_ZN7testing8internal14ComparisonBaseINS0_9EqMatcherINSt7__cxx1112basic_stringIcSt11char_traitsIcESaIcEEEEES8_St8equal_toIvEE6UnwrapIS8_EERKT_SG_
FNDA:0,_ZN7testing8internal9EqMatcherINSt7__cxx1112basic_stringIcSt11char_traitsIcESaIcEEEEC2ERKS7_
FNDA:0,_ZN7testing8internal9EqMatcherINSt7__cxx1112basic_stringIcSt11char_traitsIcESaIcEEEE4DescEv
FNDA:0,_ZN7testing8internal9EqMatcherINSt7__cxx1112basic_stringIcSt11char_traitsIcESaIcEEEE11NegatedDescEv
FNDA:0,_ZN7testing19MatchResultListenerC2EPSo
FNDA:0,_ZN7testing2EqINSt7__cxx1112basic_stringIcSt11char_traitsIcESaIcEEEEENS_8internal9EqMatcherIT_EES9_
FNDA:0,_ZN7testing19MatchResultListener6streamEv
FNF:92
FNH:0
DA:83,0
DA:95,0
DA:110,0
DA:116,0
DA:131,0
DA:132,0
DA:133,0
DA:134,0
DA:135,0
DA:185,0
DA:209,0
DA:215,0
DA:217,0
DA:218,0
DA:219,0
DA:232,0
DA:233,0
DA:234,0
DA:238,0
DA:239,0
DA:240,0
DA:241,0
DA:244,0
DA:245,0
DA:246,0
DA:247,0
DA:250,0
DA:251,0
DA:252,0
DA:253,0
DA:270,0
DA:281,0
DA:282,0
DA:283,0
DA:299,0
DA:300,0
DA:301,0
DA:302,0
DA:304,0
DA:305,0
DA:306,0
DA:307,0
DA:308,0
DA:309,0
DA:310,0
DA:313,0
DA:327,0
DA:328,0
DA:333,0
DA:336,0
DA:347,0
DA:349,0
DA:350,0
DA:352,0
DA:354,0
DA:357,0
DA:369,0
DA:373,0
DA:377,0
DA:389,0
DA:390,0
DA:391,0
DA:393,0
DA:420,0
DA:421,0
DA:424,0
DA:425,0
DA:426,0
DA:445,0
DA:448,0
DA:449,0
DA:450,0
DA:504,0
DA:505,0
DA:528,0
DA:529,0
DA:554,0
DA:555,0
DA:556,0
DA:582,0
DA:583,0
DA:694,0
DA:699,0
DA:700,0
DA:702,0
DA:703,0
DA:704,0
DA:705,0
DA:706,0
DA:707,0
DA:708,0
DA:709,0
DA:713,0
DA:714,0
DA:727,0
DA:728,0
DA:729,0
DA:730,0
DA:862,0
DA:863,0
LF:100
LH:0
end_of_record
TN:
SF:/home/user/railcontrol/build/coverage/_deps/googletest-src/googletest/include/gtest/gtest-message.h
FN:112,114,_ZN7testing7MessageC2ERKS0_
FN:132,150,_ZN7testing7MessagelsIA100_cEERS0_RKT_
FN:132,150,_ZN7testing7MessagelsIA106_cEERS0_RKT_
FN:132,150,_ZN7testing7MessagelsIA10_cEERS0_RKT_
FN:132,150,_ZN7testing7MessagelsIA11_cEERS0_RKT_
FN:132,150,_ZN7testing7MessagelsIA12_cEERS0_RKT_
FN:132,150,_ZN7testing7MessagelsIA13_cEERS0_RKT_
FN:132,150,_ZN7testing7MessagelsIA14_cEERS0_RKT_
FN:132,150,_ZN7testing7MessagelsIA15_cEERS0_RKT_
FN:132,150,_ZN7testing7MessagelsIA16_cEERS0_RKT_
FN:132,150,_ZN7testing7MessagelsIA17_cEERS0_RKT_
FN:132,150,_ZN7testing7MessagelsIA18_cEERS0_RKT_
FN:132,150,_ZN7testing7MessagelsIA19_cEERS0_RKT_
FN:132,150,_ZN7testing7MessagelsIA20_cEERS0_RKT_
FN:132,150,_ZN7testing7MessagelsIA21_cEERS0_RKT_
FN:132,150,_ZN7testing7MessagelsIA22_cEERS0_RKT_
FN:132,150,_ZN7testing7MessagelsIA24_cEERS0_RKT_
FN:132,150,_ZN7testing7MessagelsIA256_cEERS0_RKT_
FN:132,150,_ZN7testing7MessagelsIA25_cEERS0_RKT_
FN:132,150,_ZN7testing7MessagelsIA27_cEERS0_RKT_
FN:132,150,_ZN7testing7MessagelsIA28_cEERS0_RKT_
FN:132,150,_ZN7testing7MessagelsIA29_cEERS0_RKT_
FN:132,150,_ZN7testing7MessagelsIA2_cEERS0_RKT_
FN:132,150,_ZN7testing7MessagelsIA30_cEERS0_RKT_
FN:132,150,_ZN7testing7MessagelsIA32_cEERS0_RKT_
FN:132,150,_ZN7testing7MessagelsIA33_cEERS0_RKT_
FN:132,150,_ZN7testing7MessagelsIA35_cEERS0_RKT_
FN:132,150,_ZN7testing7MessagelsIA38_cEERS0_RKT_
FN:132,150,_ZN7testing7MessagelsIA39_cEERS0_RKT_
FN:132,150,_ZN7testing7MessagelsIA3_cEERS0_RKT_
FN:132,150,_ZN7testing7MessagelsIA40_cEERS0_RKT_
FN:132,150,_ZN7testing7MessagelsIA41_cEERS0_RKT_
FN:132,150,_ZN7testing7MessagelsIA47_cEERS0_RKT_
FN:132,150,_ZN7testing7MessagelsIA48_cEERS0_RKT_
FN:132,150,_ZN7testing7MessagelsIA4_cEERS0_RKT_
FN:132,150,_ZN7testing7MessagelsIA50_cEERS0_RKT_
FN:132,150,_ZN7testing7MessagelsIA51_cEERS0_RKT_
FN:132,150,_ZN7testing7MessagelsIA52_cEERS0_RKT_
FN:132,150,_ZN7testing7MessagelsIA53_cEERS0_RKT_
FN:132,150,_ZN7testing7MessagelsIA5_cEERS0_RKT_
FN:132,150,_ZN7testing7MessagelsIA60_cEERS0_RKT_
FN:132,150,_ZN7testing7MessagelsIA61_cEERS0_RKT_
FN:132,150,_ZN7testing7MessagelsIA62_cEERS0_RKT_
FN:132,150,_ZN7testing7MessagelsIA63_cEERS0_RKT_
FN:132,150,_ZN7testing7MessagelsIA65_cEERS0_RKT_
FN:132,150,_ZN7testing7MessagelsIA68_cEERS0_RKT_
FN:132,150,_ZN7testing7MessagelsIA6_cEERS0_RKT_
FN:132,150,_ZN7testing7MessagelsIA7_cEERS0_RKT_
FN:132,150,_ZN7testing7MessagelsIA8_cEERS0_RKT_
FN:132,150,_ZN7testing7MessagelsIA93_cEERS0_RKT_
FN:132,150,_ZN7testing7MessagelsIA9_cEERS0_RKT_
FN:132,150,_ZN7testing7MessagelsINS_14TestPartResultEEERS0_RKT_
FN:132,150,_ZN7testing7MessagelsINSt7__cxx1112basic_stringIcSt11char_traitsIcESaIcEEEEERS0_RKT_
FN:132,150,_ZN7testing7MessagelsIS0_EERS0_RKT_
FN:132,150,_ZN7testing7MessagelsIcEERS0_RKT_
FN:132,150,_ZN7testing7MessagelsIdEERS0_RKT_
FN:132,150,_ZN7testing7MessagelsIiEERS0_RKT_
FN:132,150,_ZN7testing7MessagelsIlEERS0_RKT_
FN:132,150,_ZN7testing7MessagelsImEERS0_RKT_
FN:182,189,_ZN7testing7MessagelsIKcEERS0_RKPT_
FN:182,189,_ZN7testing7MessagelsIcEERS0_RKPT_
FN:232,234,_ZN7testinglsERSoRKNS_7MessageE
FN:243,245,_ZN7testing8internal18StreamableToStringIPcEENSt7__cxx1112basic_stringIcSt11char_traitsIcESaIcEEERKT_
FN:243,245,_ZN7testing8internal18StreamableToStringIPwEENSt7__cxx1112basic_stringIcSt11char_traitsIcESaIcEEERKT_
FN:243,245,_ZN7testing8internal18StreamableToStringIiEENSt7__cxx1112basic_stringIcSt11char_traitsIcESaIcEEERKT_
FN:243,245,_ZN7testing8internal18StreamableToStringIlEENSt7__cxx1112basic_stringIcSt11char_traitsIcESaIcEEERKT_
FNDA:0,_ZN7testing7MessageC2ERKS0_
FNDA:0,_ZN7testing7MessagelsIA100_cEERS0_RKT_
FNDA:0,_ZN7testing7MessagelsIA106_cEERS0_RKT_
FNDA:0,_ZN7testing7MessagelsIA10_cEERS0_RKT_
FNDA:0,_ZN7testing7MessagelsIA11_cEERS0_RKT_
FNDA:0,_ZN7testing7MessagelsIA12_cEERS0_RKT_
FNDA:0,_ZN7testing7MessagelsIA13_cEERS0_RKT_
FNDA:0,_ZN7testing7MessagelsIA14_cEERS0_RKT_
FNDA:0,_ZN7testing7MessagelsIA15_cEERS0_RKT_
FNDA:0,_ZN7testing7MessagelsIA16_cEERS0_RKT_
FNDA:0,_ZN7testing7MessagelsIA17_cEERS0_RKT_
FNDA:0,_ZN7testing7MessagelsIA18_cEERS0_RKT_
FNDA:0,_ZN7testing7MessagelsIA19_cEERS0_RKT_
FNDA:0,_ZN7testing7MessagelsIA20_cEERS0_RKT_
FNDA:0,_ZN7testing7MessagelsIA21_cEERS0_RKT_
FNDA:0,_ZN7testing7MessagelsIA22_cEERS0_RKT_
FNDA:0,_ZN7testing7MessagelsIA24_cEERS0_RKT_
FNDA:0,_ZN7testing7MessagelsIA256_cEERS0_RKT_
FNDA:0,_ZN7testing7MessagelsIA25_cEERS0_RKT_
FNDA:0,_ZN7testing7MessagelsIA27_cEERS0_RKT_
FNDA:0,_ZN7testing7MessagelsIA28_cEERS0_RKT_
FNDA:0,_ZN7testing7MessagelsIA29_cEERS0_RKT_
FNDA:0,_ZN7testing7MessagelsIA2_cEERS0_RKT_
FNDA:0,_ZN7testing7MessagelsIA30_cEERS0_RKT_
FNDA:0,_ZN7testing7MessagelsIA32_cEERS0_RKT_
FNDA:0,_ZN7testing7MessagelsIA33_cEERS0_RKT_
FNDA:0,_ZN7testing7MessagelsIA35_cEERS0_RKT_
FNDA:0,_ZN7testing7MessagelsIA38_cEERS0_RKT_
FNDA:0,_ZN7testing7MessagelsIA39_cEERS0_RKT_
FNDA:0,_ZN7testing7MessagelsIA3_cEERS0_RKT_
FNDA:0,_ZN7testing7MessagelsIA40_cEERS0_RKT_
FNDA:0,_ZN7testing7MessagelsIA41_cEERS0_RKT_
FNDA:0,_ZN7testing7MessagelsIA47_cEERS0_RKT_
FNDA:0,_ZN7testing7MessagelsIA48_cEERS0_RKT_
FNDA:0,_ZN7testing7MessagelsIA4_cEERS0_RKT_
FNDA:0,_ZN7testing7MessagelsIA50_cEERS0_RKT_
FNDA:0,_ZN7testing7MessagelsIA51_cEERS0_RKT_
FNDA:0,_ZN7testing7MessagelsIA52_cEERS0_RKT_
FNDA:0,_ZN7testing7MessagelsIA53_cEERS0_RKT_
FNDA:0,_ZN7testing7MessagelsIA5_cEERS0_RKT_
FNDA:0,_ZN7testing7MessagelsIA60_cEERS0_RKT_
FNDA:0,_ZN7testing7MessagelsIA61_cEERS0_RKT_
FNDA:0,_ZN7testing7MessagelsIA62_cEERS0_RKT_
FNDA:0,_ZN7testing7MessagelsIA63_cEERS0_RKT_
FNDA:0,_ZN7testing7MessagelsIA65_cEERS0_RKT_
FNDA:0,_ZN7testing7MessagelsIA68_cEERS0_RKT_
FNDA:0,_ZN7testing7MessagelsIA6_cEERS0_RKT_
FNDA:42,_ZN7testing7MessagelsIA7_cEERS0_RKT_
FNDA:0,_ZN7testing7MessagelsIA8_cEERS0_RKT_
FNDA:0,_ZN7testing7MessagelsIA93_cEERS0_RKT_
FNDA:0,_ZN7testing7MessagelsIA9_cEERS0_RKT_
FNDA:0,_ZN7testing7MessagelsINS_14TestPartResultEEERS0_RKT_
FNDA:0,_ZN7testing7MessagelsINSt7__cxx1112basic_stringIcSt11char_traitsIcESaIcEEEEERS0_RKT_
FNDA:0,_ZN7testing7MessagelsIS0_EERS0_RKT_
FNDA:828,_ZN7testing7MessagelsIcEERS0_RKT_
FNDA:0,_ZN7testing7MessagelsIdEERS0_RKT_
FNDA:22,_ZN7testing7MessagelsIiEERS0_RKT_
FNDA:44,_ZN7testing7MessagelsIlEERS0_RKT_
FNDA:0,_ZN7testing7MessagelsImEERS0_RKT_
FNDA:42,_ZN7testing7MessagelsIKcEERS0_RKPT_
FNDA:2,_ZN7testing7MessagelsIcEERS0_RKPT_
FNDA:0,_ZN7testinglsERSoRKNS_7MessageE
FNDA:2,_ZN7testing8internal18StreamableToStringIPcEENSt7__cxx1112basic_stringIcSt11char_traitsIcESaIcEEERKT_
FNDA:0,_ZN7testing8internal18StreamableToStringIPwEENSt7__cxx1112basic_stringIcSt11char_traitsIcESaIcEEERKT_
FNDA:22,_ZN7testing8internal18StreamableToStringIiEENSt7__cxx1112basic_stringIcSt11char_traitsIcESaIcEEERKT_
FNDA:44,_ZN7testing8internal18StreamableToStringIlEENSt7__cxx1112basic_stringIcSt11char_traitsIcESaIcEEERKT_
FNF:66
FNH:9
DA:112,0
DA:113,0
DA:114,0
DA:132,936
DA:148,936
DA:149,936
DA:182,44
DA:183,44
DA:184,0
DA:186,44
DA:188,44
DA:232,0
DA:233,0
DA:243,68
DA:244,68
LF:15
LH:9
end_of_record
TN:
SF:/home/user/railcontrol/build/coverage/_deps/googletest-src/googletest/include/gtest/gtest-printers.h
FN:1017,1023,_ZN7testing8internal21UniversalTersePrinterIPKcE5PrintES3_PSo
FN:1080,1086,_ZN7testing8internal21UniversalTersePrinterIPKwE5PrintES3_PSo
FN:1108,1113,_ZN7testing8internal14UniversalPrintIN8RailCore10StatusCodeEEEvRKT_PSo
FN:1108,1113,_ZN7testing8internal14UniversalPrintIN8RailCore9DelayModeEEEvRKT_PSo
FN:1108,1113,_ZN7testing8internal14UniversalPrintINSt7__cxx1112basic_stringIcSt11char_traitsIcESaIcEEEEEvRKT_PSo
FN:1108,1113,_ZN7testing8internal14UniversalPrintINSt7__cxx1112basic_stringIwSt11char_traitsIwESaIwEEEEEvRKT_PSo
FN:1108,1113,_ZN7testing8internal14UniversalPrintIiEEvRKT_PSo
FN:1108,1113,_ZN7testing8internal14UniversalPrintIjEEvRKT_PSo
FN:1108,1113,_ZN7testing8internal14UniversalPrintIlEEvRKT_PSo
FN:1108,1113,_ZN7testing8internal14UniversalPrintImEEvRKT_PSo
FN:1148,1152,_ZN7testing13PrintToStringIN8RailCore10StatusCodeEEENSt7__cxx1112basic_stringIcSt11char_traitsIcESaIcEEERKT_
FN:1148,1152,_ZN7testing13PrintToStringIN8RailCore9DelayModeEEENSt7__cxx1112basic_stringIcSt11char_traitsIcESaIcEEERKT_
FN:1148,1152,_ZN7testing13PrintToStringINSt7__cxx1112basic_stringIcSt11char_traitsIcESaIcEEEEES6_RKT_
FN:1148,1152,_ZN7testing13PrintToStringIPKcEENSt7__cxx1112basic_stringIcSt11char_traitsIcESaIcEEERKT_
FN:1148,1152,_ZN7testing13PrintToStringIPKwEENSt7__cxx1112basic_stringIcSt11char_traitsIcESaIcEEERKT_
FN:1148,1152,_ZN7testing13PrintToStringIiEENSt7__cxx1112basic_stringIcSt11char_traitsIcESaIcEEERKT_
FN:1148,1152,_ZN7testing13PrintToStringIjEENSt7__cxx1112basic_stringIcSt11char_traitsIcESaIcEEERKT_
FN:1148,1152,_ZN7testing13PrintToStringIlEENSt7__cxx1112basic_stringIcSt11char_traitsIcESaIcEEERKT_
FN:1148,1152,_ZN7testing13PrintToStringImEENSt7__cxx1112basic_stringIcSt11char_traitsIcESaIcEEERKT_
FN:221,226,_ZN7testing8internal52internal_stream_operator_without_lexical_name_lookup13StreamPrinter10PrintValueIivEEDTcvvlsdefp0_fp_ERKT_PSo
FN:221,226,_ZN7testing8internal52internal_stream_operator_without_lexical_name_lookup13StreamPrinter10PrintValueIjvEEDTcvvlsdefp0_fp_ERKT_PSo
FN:221,226,_ZN7testing8internal52internal_stream_operator_without_lexical_name_lookup13StreamPrinter10PrintValueIlvEEDTcvvlsdefp0_fp_ERKT_PSo
FN:221,226,_ZN7testing8internal52internal_stream_operator_without_lexical_name_lookup13StreamPrinter10PrintValueImvEEDTcvvlsdefp0_fp_ERKT_PSo
FN:289,295,_ZN7testing8internal15RawBytesPrinter10PrintValueIN8RailCore10StatusCodeELm4EEEvRKT_PSo
FN:289,295,_ZN7testing8internal15RawBytesPrinter10PrintValueIN8RailCore9DelayModeELm4EEEvRKT_PSo
FN:326,337,_ZN7testing8internal17PrintWithFallbackIN8RailCore10StatusCodeEEEvRKT_PSo
FN:326,337,_ZN7testing8internal17PrintWithFallbackIN8RailCore9DelayModeEEEvRKT_PSo
FN:326,337,_ZN7testing8internal17PrintWithFallbackIiEEvRKT_PSo
FN:326,337,_ZN7testing8internal17PrintWithFallbackIjEEvRKT_PSo
FN:326,337,_ZN7testing8internal17PrintWithFallbackIlEEvRKT_PSo
FN:326,337,_ZN7testing8internal17PrintWithFallbackImEEvRKT_PSo
FN:357,359,_ZN7testing8internal19FormatForComparisonIN8RailCore10StatusCodeES3_E6FormatB5cxx11ERKS3_
FN:357,359,_ZN7testing8internal19FormatForComparisonIN8RailCore9DelayModeES3_E6FormatB5cxx11ERKS3_
FN:357,359,_ZN7testing8internal19FormatForComparisonINSt7__cxx1112basic_stringIcSt11char_traitsIcESaIcEEEA11_cE6FormatERKS7_
FN:357,359,_ZN7testing8internal19FormatForComparisonINSt7__cxx1112basic_stringIcSt11char_traitsIcESaIcEEEA13_cE6FormatERKS7_
FN:357,359,_ZN7testing8internal19FormatForComparisonINSt7__cxx1112basic_stringIcSt11char_traitsIcESaIcEEEA15_cE6FormatERKS7_
FN:357,359,_ZN7testing8internal19FormatForComparisonINSt7__cxx1112basic_stringIcSt11char_traitsIcESaIcEEEA16_cE6FormatERKS7_
FN:357,359,_ZN7testing8internal19FormatForComparisonINSt7__cxx1112basic_stringIcSt11char_traitsIcESaIcEEEA19_cE6FormatERKS7_
FN:357,359,_ZN7testing8internal19FormatForComparisonINSt7__cxx1112basic_stringIcSt11char_traitsIcESaIcEEEA1_cE6FormatERKS7_
FN:357,359,_ZN7testing8internal19FormatForComparisonINSt7__cxx1112basic_stringIcSt11char_traitsIcESaIcEEEA8_cE6FormatERKS7_
FN:357,359,_ZN7testing8internal19FormatForComparisonINSt7__cxx1112basic_stringIcSt11char_traitsIcESaIcEEES7_E6FormatERKS7_
FN:357,359,_ZN7testing8internal19FormatForComparisonIijE6FormatB5cxx11ERKi
FN:357,359,_ZN7testing8internal19FormatForComparisonIilE6FormatB5cxx11ERKi
FN:357,359,_ZN7testing8internal19FormatForComparisonIimE6FormatB5cxx11ERKi
FN:357,359,_ZN7testing8internal19FormatForComparisonIjiE6FormatB5cxx11ERKj
FN:357,359,_ZN7testing8internal19FormatForComparisonIliE6FormatB5cxx11ERKl
FN:357,359,_ZN7testing8internal19FormatForComparisonImiE6FormatB5cxx11ERKm
FN:357,359,_ZN7testing8internal19FormatForComparisonImmE6FormatB5cxx11ERKm
FN:366,368,_ZN7testing8internal19FormatForComparisonIA11_cNSt7__cxx1112basic_stringIcSt11char_traitsIcESaIcEEEE6FormatEPKc
FN:366,368,_ZN7testing8internal19FormatForComparisonIA13_cNSt7__cxx1112basic_stringIcSt11char_traitsIcESaIcEEEE6FormatEPKc
FN:366,368,_ZN7testing8internal19FormatForComparisonIA15_cNSt7__cxx1112basic_stringIcSt11char_traitsIcESaIcEEEE6FormatEPKc
FN:366,368,_ZN7testing8internal19FormatForComparisonIA16_cNSt7__cxx1112basic_stringIcSt11char_traitsIcESaIcEEEE6FormatEPKc
FN:366,368,_ZN7testing8internal19FormatForComparisonIA19_cNSt7__cxx1112basic_stringIcSt11char_traitsIcESaIcEEEE6FormatEPKc
FN:366,368,_ZN7testing8internal19FormatForComparisonIA1_cNSt7__cxx1112basic_stringIcSt11char_traitsIcESaIcEEEE6FormatEPKc
FN:366,368,_ZN7testing8internal19FormatForComparisonIA8_cNSt7__cxx1112basic_stringIcSt11char_traitsIcESaIcEEEE6FormatEPKc
FN:411,411,_ZN7testing8internal19FormatForComparisonIPKcNSt7__cxx1112basic_stringIcSt11char_traitsIcESaIcEEEE6FormatES3_
FN:437,440,_ZN7testing8internal33FormatForComparisonFailureMessageIA11_cNSt7__cxx1112basic_stringIcSt11char_traitsIcESaIcEEEEES8_RKT_RKT0_
FN:437,440,_ZN7testing8internal33FormatForComparisonFailureMessageIA13_cNSt7__cxx1112basic_stringIcSt11char_traitsIcESaIcEEEEES8_RKT_RKT0_
FN:437,440,_ZN7testing8internal33FormatForComparisonFailureMessageIA15_cNSt7__cxx1112basic_stringIcSt11char_traitsIcESaIcEEEEES8_RKT_RKT0_
FN:437,440,_ZN7testing8internal33FormatForComparisonFailureMessageIA16_cNSt7__cxx1112basic_stringIcSt11char_traitsIcESaIcEEEEES8_RKT_RKT0_
FN:437,440,_ZN7testing8internal33FormatForComparisonFailureMessageIA19_cNSt7__cxx1112basic_stringIcSt11char_traitsIcESaIcEEEEES8_RKT_RKT0_
FN:437,440,_ZN7testing8internal33FormatForComparisonFailureMessageIA1_cNSt7__cxx1112basic_stringIcSt11char_traitsIcESaIcEEEEES8_RKT_RKT0_
FN:437,440,_ZN7testing8internal33FormatForComparisonFailureMessageIA8_cNSt7__cxx1112basic_stringIcSt11char_traitsIcESaIcEEEEES8_RKT_RKT0_
FN:437,440,_ZN7testing8internal33FormatForComparisonFailureMessageIN8RailCore10StatusCodeES3_EENSt7__cxx1112basic_stringIcSt11char_traitsIcESaIcEEERKT_RKT0_
FN:437,440,_ZN7testing8internal33FormatForComparisonFailureMessageIN8RailCore9DelayModeES3_EENSt7__cxx1112basic_stringIcSt11char_traitsIcESaIcEEERKT_RKT0_
FN:437,440,_ZN7testing8internal33FormatForComparisonFailureMessageINSt7__cxx1112basic_stringIcSt11char_traitsIcESaIcEEEA11_cEES7_RKT_RKT0_
FN:437,440,_ZN7testing8internal33FormatForComparisonFailureMessageINSt7__cxx1112basic_stringIcSt11char_traitsIcESaIcEEEA13_cEES7_RKT_RKT0_
FN:437,440,_ZN7testing8internal33FormatForComparisonFailureMessageINSt7__cxx1112basic_stringIcSt11char_traitsIcESaIcEEEA15_cEES7_RKT_RKT0_
FN:437,440,_ZN7testing8internal33FormatForComparisonFailureMessageINSt7__cxx1112basic_stringIcSt11char_traitsIcESaIcEEEA16_cEES7_RKT_RKT0_
FN:437,440,_ZN7testing8internal33FormatForComparisonFailureMessageINSt7__cxx1112basic_stringIcSt11char_traitsIcESaIcEEEA19_cEES7_RKT_RKT0_
FN:437,440,_ZN7testing8internal33FormatForComparisonFailureMessageINSt7__cxx1112basic_stringIcSt11char_traitsIcESaIcEEEA1_cEES7_RKT_RKT0_
FN:437,440,_ZN7testing8internal33FormatForComparisonFailureMessageINSt7__cxx1112basic_stringIcSt11char_traitsIcESaIcEEEA8_cEES7_RKT_RKT0_
FN:437,440,_ZN7testing8internal33FormatForComparisonFailureMessageINSt7__cxx1112basic_stringIcSt11char_traitsIcESaIcEEES7_EES7_RKT_RKT0_
FN:437,440,_ZN7testing8internal33FormatForComparisonFailureMessageIijEENSt7__cxx1112basic_stringIcSt11char_traitsIcESaIcEEERKT_RKT0_
FN:437,440,_ZN7testing8internal33FormatForComparisonFailureMessageIilEENSt7__cxx1112basic_stringIcSt11char_traitsIcESaIcEEERKT_RKT0_
FN:437,440,_ZN7testing8internal33FormatForComparisonFailureMessageIimEENSt7__cxx1112basic_stringIcSt11char_traitsIcESaIcEEERKT_RKT0_
FN:437,440,_ZN7testing8internal33FormatForComparisonFailureMessageIjiEENSt7__cxx1112basic_stringIcSt11char_traitsIcESaIcEEERKT_RKT0_
FN:437,440,_ZN7testing8internal33FormatForComparisonFailureMessageIliEENSt7__cxx1112basic_stringIcSt11char_traitsIcESaIcEEERKT_RKT0_
FN:437,440,_ZN7testing8internal33FormatForComparisonFailureMessageImiEENSt7__cxx1112basic_stringIcSt11char_traitsIcESaIcEEERKT_RKT0_
FN:437,440,_ZN7testing8internal33FormatForComparisonFailureMessageImmEENSt7__cxx1112basic_stringIcSt11char_traitsIcESaIcEEERKT_RKT0_
FN:464,466,_ZN7testing8internal7PrintToIN8RailCore10StatusCodeEEEvRKT_PSo
FN:464,466,_ZN7testing8internal7PrintToIN8RailCore9DelayModeEEEvRKT_PSo
FN:464,466,_ZN7testing8internal7PrintToIiEEvRKT_PSo
FN:464,466,_ZN7testing8internal7PrintToIjEEvRKT_PSo
FN:464,466,_ZN7testing8internal7PrintToIlEEvRKT_PSo
FN:464,466,_ZN7testing8internal7PrintToImEEvRKT_PSo
FN:660,662,_ZN7testing8internal7PrintToERKNSt7__cxx1112basic_stringIcSt11char_traitsIcESaIcEEEPSo
FN:687,689,_ZN7testing8internal7PrintToERKNSt7__cxx1112basic_stringIwSt11char_traitsIwESaIwEEEPSo
FN:799,809,_ZN7testing8internal16UniversalPrinterIN8RailCore10StatusCodeEE5PrintERKS3_PSo
FN:799,809,_ZN7testing8internal16UniversalPrinterIN8RailCore9DelayModeEE5PrintERKS3_PSo
FN:799,809,_ZN7testing8internal16UniversalPrinterINSt7__cxx1112basic_stringIcSt11char_traitsIcESaIcEEEE5PrintERKS7_PSo
FN:799,809,_ZN7testing8internal16UniversalPrinterINSt7__cxx1112basic_stringIwSt11char_traitsIwESaIwEEEE5PrintERKS7_PSo
FN:799,809,_ZN7testing8internal16UniversalPrinterIiE5PrintERKiPSo
FN:799,809,_ZN7testing8internal16UniversalPrinterIjE5PrintERKjPSo
FN:799,809,_ZN7testing8internal16UniversalPrinterIlE5PrintERKlPSo
FN:799,809,_ZN7testing8internal16UniversalPrinterImE5PrintERKmPSo
FN:989,991,_ZN7testing8internal21UniversalTersePrinterIN8RailCore10StatusCodeEE5PrintERKS3_PSo
FN:989,991,_ZN7testing8internal21UniversalTersePrinterIN8RailCore9DelayModeEE5PrintERKS3_PSo
FN:989,991,_ZN7testing8internal21UniversalTersePrinterINSt7__cxx1112basic_stringIcSt11char_traitsIcESaIcEEEE5PrintERKS7_PSo
FN:989,991,_ZN7testing8internal21UniversalTersePrinterIiE5PrintERKiPSo
FN:989,991,_ZN7testing8internal21UniversalTersePrinterIjE5PrintERKjPSo
FN:989,991,_ZN7testing8internal21UniversalTersePrinterIlE5PrintERKlPSo
FN:989,991,_ZN7testing8internal21UniversalTersePrinterImE5PrintERKmPSo
FNDA:0,_ZN7testing8internal21UniversalTersePrinterIPKcE5PrintES3_PSo
FNDA:0,_ZN7testing8internal21UniversalTersePrinterIPKwE5PrintES3_PSo
FNDA:0,_ZN7testing8internal14UniversalPrintIN8RailCore10StatusCodeEEEvRKT_PSo
FNDA:0,_ZN7testing8internal14UniversalPrintIN8RailCore9DelayModeEEEvRKT_PSo
FNDA:0,_ZN7testing8internal14UniversalPrintINSt7__cxx1112basic_stringIcSt11char_traitsIcESaIcEEEEEvRKT_PSo
FNDA:0,_ZN7testing8internal14UniversalPrintINSt7__cxx1112basic_stringIwSt11char_traitsIwESaIwEEEEEvRKT_PSo
FNDA:0,_ZN7testing8internal14UniversalPrintIiEEvRKT_PSo
FNDA:0,_ZN7testing8internal14UniversalPrintIjEEvRKT_PSo
FNDA:0,_ZN7testing8internal14UniversalPrintIlEEvRKT_PSo
FNDA:0,_ZN7testing8internal14UniversalPrintImEEvRKT_PSo
FNDA:0,_ZN7testing13PrintToStringIN8RailCore10StatusCodeEEENSt7__cxx1112basic_stringIcSt11char_traitsIcESaIcEEERKT_
FNDA:0,_ZN7testing13PrintToStringIN8RailCore9DelayModeEEENSt7__cxx1112basic_stringIcSt11char_traitsIcESaIcEEERKT_
FNDA:0,_ZN7testing13PrintToStringINSt7__cxx1112basic_stringIcSt11char_traitsIcESaIcEEEEES6_RKT_
FNDA:0,_ZN7testing13PrintToStringIPKcEENSt7__cxx1112basic_stringIcSt11char_traitsIcESaIcEEERKT_
FNDA:0,_ZN7testing13PrintToStringIPKwEENSt7__cxx1112basic_stringIcSt11char_traitsIcESaIcEEERKT_
FNDA:0,_ZN7testing13PrintToStringIiEENSt7__cxx1112basic_stringIcSt11char_traitsIcESaIcEEERKT_
FNDA:0,_ZN7testing13PrintToStringIjEENSt7__cxx1112basic_stringIcSt11char_traitsIcESaIcEEERKT_
FNDA:0,_ZN7testing13PrintToStringIlEENSt7__cxx1112basic_stringIcSt11char_traitsIcESaIcEEERKT_
FNDA:0,_ZN7testing13PrintToStringImEENSt7__cxx1112basic_stringIcSt11char_traitsIcESaIcEEERKT_
FNDA:0,_ZN7testing8internal52internal_stream_operator_without_lexical_name_lookup13StreamPrinter10PrintValueIivEEDTcvvlsdefp0_fp_ERKT_PSo
FNDA:0,_ZN7testing8internal52internal_stream_operator_without_lexical_name_lookup13StreamPrinter10PrintValueIjvEEDTcvvlsdefp0_fp_ERKT_PSo
FNDA:0,_ZN7testing8internal52internal_stream_operator_without_lexical_name_lookup13StreamPrinter10PrintValueIlvEEDTcvvlsdefp0_fp_ERKT_PSo
FNDA:0,_ZN7testing8internal52internal_stream_operator_without_lexical_name_lookup13StreamPrinter10PrintValueImvEEDTcvvlsdefp0_fp_ERKT_PSo
FNDA:0,_ZN7testing8internal15RawBytesPrinter10PrintValueIN8RailCore10StatusCodeELm4EEEvRKT_PSo
FNDA:0,_ZN7testing8internal15RawBytesPrinter10PrintValueIN8RailCore9DelayModeELm4EEEvRKT_PSo
FNDA:0,_ZN7testing8internal17PrintWithFallbackIN8RailCore10StatusCodeEEEvRKT_PSo
FNDA:0,_ZN7testing8internal17PrintWithFallbackIN8RailCore9DelayModeEEEvRKT_PSo
FNDA:0,_ZN7testing8internal17PrintWithFallbackIiEEvRKT_PSo
FNDA:0,_ZN7testing8internal17PrintWithFallbackIjEEvRKT_PSo
FNDA:0,_ZN7testing8internal17PrintWithFallbackIlEEvRKT_PSo
FNDA:0,_ZN7testing8internal17PrintWithFallbackImEEvRKT_PSo
FNDA:0,_ZN7testing8internal19FormatForComparisonIN8RailCore10StatusCodeES3_E6FormatB5cxx11ERKS3_
FNDA:0,_ZN7testing8internal19FormatForComparisonIN8RailCore9DelayModeES3_E6FormatB5cxx11ERKS3_
FNDA:0,_ZN7testing8internal19FormatForComparisonINSt7__cxx1112basic_stringIcSt11char_traitsIcESaIcEEEA11_cE6FormatERKS7_
FNDA:0,_ZN7testing8internal19FormatForComparisonINSt7__cxx1112basic_stringIcSt11char_traitsIcESaIcEEEA13_cE6FormatERKS7_
FNDA:0,_ZN7testing8internal19FormatForComparisonINSt7__cxx1112basic_stringIcSt11char_traitsIcESaIcEEEA15_cE6FormatERKS7_
FNDA:0,_ZN7testing8internal19FormatForComparisonINSt7__cxx1112basic_stringIcSt11char_traitsIcESaIcEEEA16_cE6FormatERKS7_
FNDA:0,_ZN7testing8internal19FormatForComparisonINSt7__cxx1112basic_stringIcSt11char_traitsIcESaIcEEEA19_cE6FormatERKS7_
FNDA:0,_ZN7testing8internal19FormatForComparisonINSt7__cxx1112basic_stringIcSt11char_traitsIcESaIcEEEA1_cE6FormatERKS7_
FNDA:0,_ZN7testing8internal19FormatForComparisonINSt7__cxx1112basic_stringIcSt11char_traitsIcESaIcEEEA8_cE6FormatERKS7_
FNDA:0,_ZN7testing8internal19FormatForComparisonINSt7__cxx1112basic_stringIcSt11char_traitsIcESaIcEEES7_E6FormatERKS7_
FNDA:0,_ZN7testing8internal19FormatForComparisonIijE6FormatB5cxx11ERKi
FNDA:0,_ZN7testing8internal19FormatForComparisonIilE6FormatB5cxx11ERKi
FNDA:0,_ZN7testing8internal19FormatForComparisonIimE6FormatB5cxx11ERKi
FNDA:0,_ZN7testing8internal19FormatForComparisonIjiE6FormatB5cxx11ERKj
FNDA:0,_ZN7testing8internal19FormatForComparisonIliE6FormatB5cxx11ERKl
FNDA:0,_ZN7testing8internal19FormatForComparisonImiE6FormatB5cxx11ERKm
FNDA:0,_ZN7testing8internal19FormatForComparisonImmE6FormatB5cxx11ERKm
FNDA:0,_ZN7testing8internal19FormatForComparisonIA11_cNSt7__cxx1112basic_stringIcSt11char_traitsIcESaIcEEEE6FormatEPKc
FNDA:0,_ZN7testing8internal19FormatForComparisonIA13_cNSt7__cxx1112basic_stringIcSt11char_traitsIcESaIcEEEE6FormatEPKc
FNDA:0,_ZN7testing8internal19FormatForComparisonIA15_cNSt7__cxx1112basic_stringIcSt11char_traitsIcESaIcEEEE6FormatEPKc
FNDA:0,_ZN7testing8internal19FormatForComparisonIA16_cNSt7__cxx1112basic_stringIcSt11char_traitsIcESaIcEEEE6FormatEPKc
FNDA:0,_ZN7testing8internal19FormatForComparisonIA19_cNSt7__cxx1112basic_stringIcSt11char_traitsIcESaIcEEEE6FormatEPKc
FNDA:0,_ZN7testing8internal19FormatForComparisonIA1_cNSt7__cxx1112basic_stringIcSt11char_traitsIcESaIcEEEE6FormatEPKc
FNDA:0,_ZN7testing8internal19FormatForComparisonIA8_cNSt7__cxx1112basic_stringIcSt11char_traitsIcESaIcEEEE6FormatEPKc
FNDA:0,_ZN7testing8internal19FormatForComparisonIPKcNSt7__cxx1112basic_stringIcSt11char_traitsIcESaIcEEEE6FormatES3_
FNDA:0,_ZN7testing8internal33FormatForComparisonFailureMessageIA11_cNSt7__cxx1112basic_stringIcSt11char_traitsIcESaIcEEEEES8_RKT_RKT0_
FNDA:0,_ZN7testing8internal33FormatForComparisonFailureMessageIA13_cNSt7__cxx1112basic_stringIcSt11char_traitsIcESaIcEEEEES8_RKT_RKT0_
FNDA:0,_ZN7testing8internal33FormatForComparisonFailureMessageIA15_cNSt7__cxx1112basic_stringIcSt11char_traitsIcESaIcEEEEES8_RKT_RKT0_
FNDA:0,_ZN7testing8internal33FormatForComparisonFailureMessageIA16_cNSt7__cxx1112basic_stringIcSt11char_traitsIcESaIcEEEEES8_RKT_RKT0_
FNDA:0,_ZN7testing8internal33FormatForComparisonFailureMessageIA19_cNSt7__cxx1112basic_stringIcSt11char_traitsIcESaIcEEEEES8_RKT_RKT0_
FNDA:0,_ZN7testing8internal33FormatForComparisonFailureMessageIA1_cNSt7__cxx1112basic_stringIcSt11char_traitsIcESaIcEEEEES8_RKT_RKT0_
FNDA:0,_ZN7testing8internal33FormatForComparisonFailureMessageIA8_cNSt7__cxx1112basic_stringIcSt11char_traitsIcESaIcEEEEES8_RKT_RKT0_
FNDA:0,_ZN7testing8internal33FormatForComparisonFailureMessageIN8RailCore10StatusCodeES3_EENSt7__cxx1112basic_stringIcSt11char_traitsIcESaIcEEERKT_RKT0_
FNDA:0,_ZN7testing8internal33FormatForComparisonFailureMessageIN8RailCore9DelayModeES3_EENSt7__cxx1112basic_stringIcSt11char_traitsIcESaIcEEERKT_RKT0_
FNDA:0,_ZN7testing8internal33FormatForComparisonFailureMessageINSt7__cxx1112basic_stringIcSt11char_traitsIcESaIcEEEA11_cEES7_RKT_RKT0_
FNDA:0,_ZN7testing8internal33FormatForComparisonFailureMessageINSt7__cxx1112basic_stringIcSt11char_traitsIcESaIcEEEA13_cEES7_RKT_RKT0_
FNDA:0,_ZN7testing8internal33FormatForComparisonFailureMessageINSt7__cxx1112basic_stringIcSt11char_traitsIcESaIcEEEA15_cEES7_RKT_RKT0_
FNDA:0,_ZN7testing8internal33FormatForComparisonFailureMessageINSt7__cxx1112basic_stringIcSt11char_traitsIcESaIcEEEA16_cEES7_RKT_RKT0_
FNDA:0,_ZN7testing8internal33FormatForComparisonFailureMessageINSt7__cxx1112basic_stringIcSt11char_traitsIcESaIcEEEA19_cEES7_RKT_RKT0_
FNDA:0,_ZN7testing8internal33FormatForComparisonFailureMessageINSt7__cxx1112basic_stringIcSt11char_traitsIcESaIcEEEA1_cEES7_RKT_RKT0_
FNDA:0,_ZN7testing8internal33FormatForComparisonFailureMessageINSt7__cxx1112basic_stringIcSt11char_traitsIcESaIcEEEA8_cEES7_RKT_RKT0_
FNDA:0,_ZN7testing8internal33FormatForComparisonFailureMessageINSt7__cxx1112basic_stringIcSt11char_traitsIcESaIcEEES7_EES7_RKT_RKT0_
FNDA:0,_ZN7testing8internal33FormatForComparisonFailureMessageIijEENSt7__cxx1112basic_stringIcSt11char_traitsIcESaIcEEERKT_RKT0_
FNDA:0,_ZN7testing8internal33FormatForComparisonFailureMessageIilEENSt7__cxx1112basic_stringIcSt11char_traitsIcESaIcEEERKT_RKT0_
FNDA:0,_ZN7testing8internal33FormatForComparisonFailureMessageIimEENSt7__cxx1112basic_stringIcSt11char_traitsIcESaIcEEERKT_RKT0_
FNDA:0,_ZN7testing8internal33FormatForComparisonFailureMessageIjiEENSt7__cxx1112basic_stringIcSt11char_traitsIcESaIcEEERKT_RKT0_
FNDA:0,_ZN7testing8internal33FormatForComparisonFailureMessageIliEENSt7__cxx1112basic_stringIcSt11char_traitsIcESaIcEEERKT_RKT0_
FNDA:0,_ZN7testing8internal33FormatForComparisonFailureMessageImiEENSt7__cxx1112basic_stringIcSt11char_traitsIcESaIcEEERKT_RKT0_
FNDA:0,_ZN7testing8internal33FormatForComparisonFailureMessageImmEENSt7__cxx1112basic_stringIcSt11char_traitsIcESaIcEEERKT_RKT0_
FNDA:0,_ZN7testing8internal7PrintToIN8RailCore10StatusCodeEEEvRKT_PSo
FNDA:0,_ZN7testing8internal7PrintToIN8RailCore9DelayModeEEEvRKT_PSo
FNDA:0,_ZN7testing8internal7PrintToIiEEvRKT_PSo
FNDA:0,_ZN7testing8internal7PrintToIjEEvRKT_PSo
FNDA:0,_ZN7testing8internal7PrintToIlEEvRKT_PSo
FNDA:0,_ZN7testing8internal7PrintToImEEvRKT_PSo
FNDA:0,_ZN7testing8internal7PrintToERKNSt7__cxx1112basic_stringIcSt11char_traitsIcESaIcEEEPSo
FNDA:0,_ZN7testing8internal7PrintToERKNSt7__cxx1112basic_stringIwSt11char_traitsIwESaIwEEEPSo
FNDA:0,_ZN7testing8internal16UniversalPrinterIN8RailCore10StatusCodeEE5PrintERKS3_PSo
FNDA:0,_ZN7testing8internal16UniversalPrinterIN8RailCore9DelayModeEE5PrintERKS3_PSo
FNDA:0,_ZN7testing8internal16UniversalPrinterINSt7__cxx1112basic_stringIcSt11char_traitsIcESaIcEEEE5PrintERKS7_PSo
FNDA:0,_ZN7testing8internal16UniversalPrinterINSt7__cxx1112basic_stringIwSt11char_traitsIwESaIwEEEE5PrintERKS7_PSo
FNDA:0,_ZN7testing8internal16UniversalPrinterIiE5PrintERKiPSo
FNDA:0,_ZN7testing8internal16UniversalPrinterIjE5PrintERKjPSo
FNDA:0,_ZN7testing8internal16UniversalPrinterIlE5PrintERKlPSo
FNDA:0,_ZN7testing8internal16UniversalPrinterImE5PrintERKmPSo
FNDA:0,_ZN7testing8internal21UniversalTersePrinterIN8RailCore10StatusCodeEE5PrintERKS3_PSo
FNDA:0,_ZN7testing8internal21UniversalTersePrinterIN8RailCore9DelayModeEE5PrintERKS3_PSo
FNDA:0,_ZN7testing8internal21UniversalTersePrinterINSt7__cxx1112basic_stringIcSt11char_traitsIcESaIcEEEE5PrintERKS7_PSo
FNDA:0,_ZN7testing8internal21UniversalTersePrinterIiE5PrintERKiPSo
FNDA:0,_ZN7testing8internal21UniversalTersePrinterIjE5PrintERKjPSo
FNDA:0,_ZN7testing8internal21UniversalTersePrinterIlE5PrintERKlPSo
FNDA:0,_ZN7testing8internal21UniversalTersePrinterImE5PrintERKmPSo
FNF:103
FNH:0
DA:221,0
DA:225,0
DA:226,0
DA:289,0
DA:290,0
DA:293,0
DA:295,0
DA:326,0
DA:336,0
DA:337,0
DA:357,0
DA:358,0
DA:366,0
DA:367,0
DA:411,0
DA:437,0
DA:439,0
DA:464,0
DA:465,0
DA:466,0
DA:660,0
DA:661,0
DA:662,0
DA:687,0
DA:688,0
DA:689,0
DA:799,0
DA:808,0
DA:809,0
DA:989,0
DA:990,0
DA:991,0
DA:1017,0
DA:1018,0
DA:1019,0
DA:1021,0
DA:1023,0
DA:1080,0
DA:1081,0
DA:1082,0
DA:1084,0
DA:1086,0
DA:1108,0
DA:1112,0
DA:1113,0
DA:1148,0
DA:1149,0
DA:1150,0
DA:1151,0
DA:1152,0
LF:50
LH:0
end_of_record
TN:
SF:/home/user/railcontrol/build/coverage/_deps/googletest-src/googletest/include/gtest/gtest-test-part.h
FN:102,102,_ZNK7testing14TestPartResult17nonfatally_failedEv
FN:105,105,_ZNK7testing14TestPartResult14fatally_failedEv
FN:108,108,_ZNK7testing14TestPartResult6failedEv
FN:157,157,_ZN7testing31TestPartResultReporterInterfaceD0Ev
FN:157,157,_ZN7testing31TestPartResultReporterInterfaceD2Ev
FN:68,74,_ZN7testing14TestPartResultC2ENS0_4TypeEPKciS3_
FN:77,77,_ZNK7testing14TestPartResult4typeEv
FN:81,83,_ZNK7testing14TestPartResult9file_nameEv
FN:87,87,_ZNK7testing14TestPartResult11line_numberEv
FN:90,90,_ZNK7testing14TestPartResult7summaryEv
FN:93,93,_ZNK7testing14TestPartResult7messageEv
FN:96,96,_ZNK7testing14TestPartResult7skippedEv
FNDA:0,_ZNK7testing14TestPartResult17nonfatally_failedEv
FNDA:0,_ZNK7testing14TestPartResult14fatally_failedEv
FNDA:0,_ZNK7testing14TestPartResult6failedEv
FNDA:0,_ZN7testing31TestPartResultReporterInterfaceD0Ev
FNDA:4,_ZN7testing31TestPartResultReporterInterfaceD2Ev
FNDA:0,_ZN7testing14TestPartResultC2ENS0_4TypeEPKciS3_
FNDA:0,_ZNK7testing14TestPartResult4typeEv
FNDA:0,_ZNK7testing14TestPartResult9file_nameEv
FNDA:0,_ZNK7testing14TestPartResult11line_numberEv
FNDA:0,_ZNK7testing14TestPartResult7summaryEv
FNDA:0,_ZNK7testing14TestPartResult7messageEv
FNDA:0,_ZNK7testing14TestPartResult7skippedEv
FNF:12
FNH:1
DA:68,0
DA:70,0
DA:71,0
DA:72,0
DA:73,0
DA:74,0
DA:77,0
DA:81,0
DA:82,0
DA:87,0
DA:90,0
DA:93,0
DA:96,0
DA:102,0
DA:105,0
DA:108,0
DA:157,4
LF:17
LH:1
end_of_record
TN:
SF:/home/user/railcontrol/build/coverage/_deps/googletest-src/googletest/include/gtest/gtest.h
FN:1000,1000,_ZN7testing22EmptyTestEventListener16OnTestSuiteStartERKNS_9TestSuiteE
FN:1003,1003,_ZN7testing22EmptyTestEventListener15OnTestCaseStartERKNS_9TestSuiteE
FN:1006,1006,_ZN7testing22EmptyTestEventListener11OnTestStartERKNS_8TestInfoE
FN:1007,1007,_ZN7testing22EmptyTestEventListener14OnTestDisabledERKNS_8TestInfoE
FN:1008,1008,_ZN7testing22EmptyTestEventListener16OnTestPartResultERKNS_14TestPartResultE
FN:1009,1009,_ZN7testing22EmptyTestEventListener9OnTestEndERKNS_8TestInfoE
FN:1010,1010,_ZN7testing22EmptyTestEventListener14OnTestSuiteEndERKNS_9TestSuiteE
FN:1012,1012,_ZN7testing22EmptyTestEventListener13OnTestCaseEndERKNS_9TestSuiteE
FN:1015,1015,_ZN7testing22EmptyTestEventListener27OnEnvironmentsTearDownStartERKNS_8UnitTestE
FN:1016,1016,_ZN7testing22EmptyTestEventListener25OnEnvironmentsTearDownEndERKNS_8UnitTestE
FN:1017,1018,_ZN7testing22EmptyTestEventListener18OnTestIterationEndERKNS_8UnitTestEi
FN:1019,1019,_ZN7testing22EmptyTestEventListener16OnTestProgramEndERKNS_8UnitTestE
FN:1267,1267,_ZN7testing8UnitTest4implEv
FN:1268,1268,_ZNK7testing8UnitTest4implEv
FN:1359,1365,_ZN7testing8internal18CmpHelperEQFailureIN8RailCore10StatusCodeES3_EENS_15AssertionResultEPKcS6_RKT_RKT0_
FN:1359,1365,_ZN7testing8internal18CmpHelperEQFailureIN8RailCore9DelayModeES3_EENS_15AssertionResultEPKcS6_RKT_RKT0_
FN:1359,1365,_ZN7testing8internal18CmpHelperEQFailureINSt7__cxx1112basic_stringIcSt11char_traitsIcESaIcEEEA11_cEENS_15AssertionResultEPKcSB_RKT_RKT0_
FN:1359,1365,_ZN7testing8internal18CmpHelperEQFailureINSt7__cxx1112basic_stringIcSt11char_traitsIcESaIcEEEA13_cEENS_15AssertionResultEPKcSB_RKT_RKT0_
FN:1359,1365,_ZN7testing8internal18CmpHelperEQFailureINSt7__cxx1112basic_stringIcSt11char_traitsIcESaIcEEEA15_cEENS_15AssertionResultEPKcSB_RKT_RKT0_
FN:1359,1365,_ZN7testing8internal18CmpHelperEQFailureINSt7__cxx1112basic_stringIcSt11char_traitsIcESaIcEEEA16_cEENS_15AssertionResultEPKcSB_RKT_RKT0_
FN:1359,1365,_ZN7testing8internal18CmpHelperEQFailureINSt7__cxx1112basic_stringIcSt11char_traitsIcESaIcEEEA19_cEENS_15AssertionResultEPKcSB_RKT_RKT0_
FN:1359,1365,_ZN7testing8internal18CmpHelperEQFailureINSt7__cxx1112basic_stringIcSt11char_traitsIcESaIcEEEA1_cEENS_15AssertionResultEPKcSB_RKT_RKT0_
FN:1359,1365,_ZN7testing8internal18CmpHelperEQFailureINSt7__cxx1112basic_stringIcSt11char_traitsIcESaIcEEEA8_cEENS_15AssertionResultEPKcSB_RKT_RKT0_
FN:1359,1365,_ZN7testing8internal18CmpHelperEQFailureINSt7__cxx1112basic_stringIcSt11char_traitsIcESaIcEEES7_EENS_15AssertionResultEPKcSA_RKT_RKT0_
FN:1359,1365,_ZN7testing8internal18CmpHelperEQFailureIjiEENS_15AssertionResultEPKcS4_RKT_RKT0_
FN:1359,1365,_ZN7testing8internal18CmpHelperEQFailureIliEENS_15AssertionResultEPKcS4_RKT_RKT0_
FN:1359,1365,_ZN7testing8internal18CmpHelperEQFailureImiEENS_15AssertionResultEPKcS4_RKT_RKT0_
FN:1359,1365,_ZN7testing8internal18CmpHelperEQFailureImmEENS_15AssertionResultEPKcS4_RKT_RKT0_
FN:1376,1384,_ZN7testing8internal11CmpHelperEQIN8RailCore10StatusCodeES3_EENS_15AssertionResultEPKcS6_RKT_RKT0_
FN:1376,1384,_ZN7testing8internal11CmpHelperEQIN8RailCore9DelayModeES3_EENS_15AssertionResultEPKcS6_RKT_RKT0_
FN:1376,1384,_ZN7testing8internal11CmpHelperEQINSt7__cxx1112basic_stringIcSt11char_traitsIcESaIcEEEA11_cEENS_15AssertionResultEPKcSB_RKT_RKT0_
FN:1376,1384,_ZN7testing8internal11CmpHelperEQINSt7__cxx1112basic_stringIcSt11char_traitsIcESaIcEEEA13_cEENS_15AssertionResultEPKcSB_RKT_RKT0_
FN:1376,1384,_ZN7testing8internal11CmpHelperEQINSt7__cxx1112basic_stringIcSt11char_traitsIcESaIcEEEA15_cEENS_15AssertionResultEPKcSB_RKT_RKT0_
FN:1376,1384,_ZN7testing8internal11CmpHelperEQINSt7__cxx1112basic_stringIcSt11char_traitsIcESaIcEEEA16_cEENS_15AssertionResultEPKcSB_RKT_RKT0_
FN:1376,1384,_ZN7testing8internal11CmpHelperEQINSt7__cxx1112basic_stringIcSt11char_traitsIcESaIcEEEA19_cEENS_15AssertionResultEPKcSB_RKT_RKT0_
FN:1376,1384,_ZN7testing8internal11CmpHelperEQINSt7__cxx1112basic_stringIcSt11char_traitsIcESaIcEEEA1_cEENS_15AssertionResultEPKcSB_RKT_RKT0_
FN:1376,1384,_ZN7testing8internal11CmpHelperEQINSt7__cxx1112basic_stringIcSt11char_traitsIcESaIcEEEA8_cEENS_15AssertionResultEPKcSB_RKT_RKT0_
FN:1376,1384,_ZN7testing8internal11CmpHelperEQINSt7__cxx1112basic_stringIcSt11char_traitsIcESaIcEEES7_EENS_15AssertionResultEPKcSA_RKT_RKT0_
FN:1376,1384,_ZN7testing8internal11CmpHelperEQIjiEENS_15AssertionResultEPKcS4_RKT_RKT0_
FN:1376,1384,_ZN7testing8internal11CmpHelperEQIliEENS_15AssertionResultEPKcS4_RKT_RKT0_
FN:1376,1384,_ZN7testing8internal11CmpHelperEQImiEENS_15AssertionResultEPKcS4_RKT_RKT0_
FN:1376,1384,_ZN7testing8internal11CmpHelperEQImmEENS_15AssertionResultEPKcS4_RKT_RKT0_
FN:1395,1399,_ZN7testing8internal8EqHelper7CompareIN8RailCore10StatusCodeES4_LPv0EEENS_15AssertionResultEPKcS8_RKT_RKT0_
FN:1395,1399,_ZN7testing8internal8EqHelper7CompareIN8RailCore9DelayModeES4_LPv0EEENS_15AssertionResultEPKcS8_RKT_RKT0_
FN:1395,1399,_ZN7testing8internal8EqHelper7CompareINSt7__cxx1112basic_stringIcSt11char_traitsIcESaIcEEEA11_cLPv0EEENS_15AssertionResultEPKcSD_RKT_RKT0_
FN:1395,1399,_ZN7testing8internal8EqHelper7CompareINSt7__cxx1112basic_stringIcSt11char_traitsIcESaIcEEEA13_cLPv0EEENS_15AssertionResultEPKcSD_RKT_RKT0_
FN:1395,1399,_ZN7testing8internal8EqHelper7CompareINSt7__cxx1112basic_stringIcSt11char_traitsIcESaIcEEEA15_cLPv0EEENS_15AssertionResultEPKcSD_RKT_RKT0_
FN:1395,1399,_ZN7testing8internal8EqHelper7CompareINSt7__cxx1112basic_stringIcSt11char_traitsIcESaIcEEEA16_cLPv0EEENS_15AssertionResultEPKcSD_RKT_RKT0_
FN:1395,1399,_ZN7testing8internal8EqHelper7CompareINSt7__cxx1112basic_stringIcSt11char_traitsIcESaIcEEEA19_cLPv0EEENS_15AssertionResultEPKcSD_RKT_RKT0_
FN:1395,1399,_ZN7testing8internal8EqHelper7CompareINSt7__cxx1112basic_stringIcSt11char_traitsIcESaIcEEEA1_cLPv0EEENS_15AssertionResultEPKcSD_RKT_RKT0_
FN:1395,1399,_ZN7testing8internal8EqHelper7CompareINSt7__cxx1112basic_stringIcSt11char_traitsIcESaIcEEEA8_cLPv0EEENS_15AssertionResultEPKcSD_RKT_RKT0_
FN:1395,1399,_ZN7testing8internal8EqHelper7CompareINSt7__cxx1112basic_stringIcSt11char_traitsIcESaIcEEES8_LPv0EEENS_15AssertionResultEPKcSC_RKT_RKT0_
FN:1395,1399,_ZN7testing8internal8EqHelper7CompareIjiLPv0EEENS_15AssertionResultEPKcS6_RKT_RKT0_
FN:1395,1399,_ZN7testing8internal8EqHelper7CompareIliLPv0EEENS_15AssertionResultEPKcS6_RKT_RKT0_
FN:1395,1399,_ZN7testing8internal8EqHelper7CompareImiLPv0EEENS_15AssertionResultEPKcS6_RKT_RKT0_
FN:1395,1399,_ZN7testing8internal8EqHelper7CompareImmLPv0EEENS_15AssertionResultEPKcS6_RKT_RKT0_
FN:1428,1435,_ZN7testing8internal18CmpHelperOpFailureIN8RailCore10StatusCodeES3_EENS_15AssertionResultEPKcS6_RKT_RKT0_S6_
FN:1428,1435,_ZN7testing8internal18CmpHelperOpFailureIN8RailCore9DelayModeES3_EENS_15AssertionResultEPKcS6_RKT_RKT0_S6_
FN:1428,1435,_ZN7testing8internal18CmpHelperOpFailureINSt7__cxx1112basic_stringIcSt11char_traitsIcESaIcEEES7_EENS_15AssertionResultEPKcSA_RKT_RKT0_SA_
FN:1457,1457,_ZN7testing8internal11CmpHelperNEIN8RailCore10StatusCodeES3_EENS_15AssertionResultEPKcS6_RKT_RKT0_
FN:1457,1457,_ZN7testing8internal11CmpHelperNEIN8RailCore9DelayModeES3_EENS_15AssertionResultEPKcS6_RKT_RKT0_
FN:1457,1457,_ZN7testing8internal11CmpHelperNEINSt7__cxx1112basic_stringIcSt11char_traitsIcESaIcEEES7_EENS_15AssertionResultEPKcSA_RKT_RKT0_
FN:1617,1619,_ZN7testing8internal12AssertHelper16AssertHelperDataC2ENS_14TestPartResult4TypeEPKciS6_
FN:2283,2303,_ZN7testing12RegisterTestIJEZNS_8internal23InsertSyntheticTestCaseERKNSt7__cxx1112basic_stringIcSt11char_traitsIcESaIcEEENS1_12CodeLocationEbEUlvE_EEPNS_8TestInfoEPKcSF_SF_SF_SF_iT0_
FN:2283,2303,_ZN7testing12RegisterTestIJEZNS_8internal34TypeParameterizedTestSuiteRegistry22CheckForInstantiationsEvEUlvE_EEPNS_8TestInfoEPKcS7_S7_S7_S7_iT0_
FN:2290,2290,_ZZN7testing12RegisterTestIJEZNS_8internal23InsertSyntheticTestCaseERKNSt7__cxx1112basic_stringIcSt11char_traitsIcESaIcEEENS1_12CodeLocationEbEUlvE_EEPNS_8TestInfoEPKcSF_SF_SF_SF_iT0_EN11FactoryImplC2ESB_
FN:2290,2290,_ZZN7testing12RegisterTestIJEZNS_8internal34TypeParameterizedTestSuiteRegistry22CheckForInstantiationsEvEUlvE_EEPNS_8TestInfoEPKcS7_S7_S7_S7_iT0_EN11FactoryImplC2ES3_
FN:2291,2291,_ZZN7testing12RegisterTestIJEZNS_8internal23InsertSyntheticTestCaseERKNSt7__cxx1112basic_stringIcSt11char_traitsIcESaIcEEENS1_12CodeLocationEbEUlvE_EEPNS_8TestInfoEPKcSF_SF_SF_SF_iT0_EN11FactoryImpl10CreateTestEv
FN:2291,2291,_ZZN7testing12RegisterTestIJEZNS_8internal34TypeParameterizedTestSuiteRegistry22CheckForInstantiationsEvEUlvE_EEPNS_8TestInfoEPKcS7_S7_S7_S7_iT0_EN11FactoryImpl10CreateTestEv
FN:2317,2317,_Z13RUN_ALL_TESTSv
FN:256,256,_ZN7testing4Test14SetUpTestSuiteEv
FN:264,264,_ZN7testing4Test17TearDownTestSuiteEv
FN:269,269,_ZN7testing4Test16TearDownTestCaseEv
FN:270,270,_ZN7testing4Test13SetUpTestCaseEv
FN:336,336,_ZN7testing4Test11DeleteSelf_Ev
FN:357,357,_ZN7testing4Test5SetupEv
FN:375,376,_ZN7testing12TestPropertyC2ERKNSt7__cxx1112basic_stringIcSt11char_traitsIcESaIcEEES8_
FN:379,379,_ZNK7testing12TestProperty3keyEv
FN:382,382,_ZNK7testing12TestProperty5valueEv
FN:385,385,_ZN7testing12TestProperty8SetValueERKNSt7__cxx1112basic_stringIcSt11char_traitsIcESaIcEEE
FN:416,416,_ZNK7testing10TestResult6PassedEv
FN:431,431,_ZNK7testing10TestResult12elapsed_timeEv
FN:435,435,_ZNK7testing10TestResult15start_timestampEv
FN:468,468,_ZN7testing10TestResult19set_start_timestampEl
FN:471,471,_ZN7testing10TestResult16set_elapsed_timeEl
FN:492,492,_ZNK7testing10TestResult16death_test_countEv
FN:495,495,_ZN7testing10TestResult26increment_death_test_countEv
FN:541,541,_ZNK7testing8TestInfo15test_suite_nameEv
FN:549,549,_ZNK7testing8TestInfo4nameEv
FN:553,556,_ZNK7testing8TestInfo10type_paramEv
FN:560,563,_ZNK7testing8TestInfo11value_paramEv
FN:566,566,_ZNK7testing8TestInfo4fileEv
FN:569,569,_ZNK7testing8TestInfo4lineEv
FN:572,572,_ZNK7testing8TestInfo19is_in_another_shardEv
FN:590,590,_ZNK7testing8TestInfo10should_runEv
FN:593,597,_ZNK7testing8TestInfo13is_reportableEv
FN:600,600,_ZNK7testing8TestInfo6resultEv
FN:628,630,_ZN7testing8TestInfo26increment_death_test_countEv
FN:639,641,_ZN7testing8TestInfo15ClearTestResultEPS0_
FN:695,695,_ZNK7testing9TestSuite4nameEv
FN:699,702,_ZNK7testing9TestSuite10type_paramEv
FN:705,705,_ZNK7testing9TestSuite10should_runEv
FN:732,732,_ZNK7testing9TestSuite6PassedEv
FN:735,737,_ZNK7testing9TestSuite6FailedEv
FN:740,740,_ZNK7testing9TestSuite12elapsed_timeEv
FN:744,744,_ZNK7testing9TestSuite15start_timestampEv
FN:752,752,_ZNK7testing9TestSuite18ad_hoc_test_resultEv
FN:759,759,_ZN7testing9TestSuite14test_info_listEv
FN:762,764,_ZNK7testing9TestSuite14test_info_listEv
FN:771,771,_ZN7testing9TestSuite14set_should_runEb
FN:781,783,_ZN7testing9TestSuite20ClearTestSuiteResultEPS0_
FN:793,797,_ZN7testing9TestSuite17RunSetUpTestSuiteEv
FN:801,805,_ZN7testing9TestSuite20RunTearDownTestSuiteEv
FN:808,810,_ZN7testing9TestSuite10TestPassedEPKNS_8TestInfoE
FN:813,815,_ZN7testing9TestSuite11TestSkippedEPKNS_8TestInfoE
FN:818,820,_ZN7testing9TestSuite10TestFailedEPKNS_8TestInfoE
FN:824,826,_ZN7testing9TestSuite22TestReportableDisabledEPKNS_8TestInfoE
FN:829,831,_ZN7testing9TestSuite12TestDisabledEPKNS_8TestInfoE
FN:834,836,_ZN7testing9TestSuite14TestReportableEPKNS_8TestInfoE
FN:839,841,_ZN7testing9TestSuite13ShouldRunTestEPKNS_8TestInfoE
FN:928,928,_ZN7testing17TestEventListenerD0Ev
FN:928,928,_ZN7testing17TestEventListenerD2Ev
FN:946,946,_ZN7testing17TestEventListener16OnTestSuiteStartERKNS_9TestSuiteE
FN:950,950,_ZN7testing17TestEventListener15OnTestCaseStartERKNS_9TestSuiteE
FN:957,957,_ZN7testing17TestEventListener14OnTestDisabledERKNS_8TestInfoE
FN:968,968,_ZN7testing17TestEventListener14OnTestSuiteEndERKNS_9TestSuiteE
FN:972,972,_ZN7testing17TestEventListener13OnTestCaseEndERKNS_9TestSuiteE
FN:995,995,_ZN7testing22EmptyTestEventListener18OnTestProgramStartERKNS_8UnitTestE
FN:996,997,_ZN7testing22EmptyTestEventListener20OnTestIterationStartERKNS_8UnitTestEi
FN:998,998,_ZN7testing22EmptyTestEventListener24OnEnvironmentsSetUpStartERKNS_8UnitTestE
FN:999,999,_ZN7testing22EmptyTestEventListener22OnEnvironmentsSetUpEndERKNS_8UnitTestE
FNDA:0,_ZN7testing22EmptyTestEventListener16OnTestSuiteStartERKNS_9TestSuiteE
FNDA:0,_ZN7testing22EmptyTestEventListener15OnTestCaseStartERKNS_9TestSuiteE
FNDA:0,_ZN7testing22EmptyTestEventListener11OnTestStartERKNS_8TestInfoE
FNDA:0,_ZN7testing22EmptyTestEventListener14OnTestDisabledERKNS_8TestInfoE
FNDA:0,_ZN7testing22EmptyTestEventListener16OnTestPartResultERKNS_14TestPartResultE
FNDA:0,_ZN7testing22EmptyTestEventListener9OnTestEndERKNS_8TestInfoE
FNDA:0,_ZN7testing22EmptyTestEventListener14OnTestSuiteEndERKNS_9TestSuiteE
FNDA:0,_ZN7testing22EmptyTestEventListener13OnTestCaseEndERKNS_9TestSuiteE
FNDA:0,_ZN7testing22EmptyTestEventListener27OnEnvironmentsTearDownStartERKNS_8UnitTestE
FNDA:0,_ZN7testing22EmptyTestEventListener25OnEnvironmentsTearDownEndERKNS_8UnitTestE
FNDA:0,_ZN7testing22EmptyTestEventListener18OnTestIterationEndERKNS_8UnitTestEi
FNDA:0,_ZN7testing22EmptyTestEventListener16OnTestProgramEndERKNS_8UnitTestE
FNDA:542,_ZN7testing8UnitTest4implEv
FNDA:18,_ZNK7testing8UnitTest4implEv
FNDA:0,_ZN7testing8internal18CmpHelperEQFailureIN8RailCore10StatusCodeES3_EENS_15AssertionResultEPKcS6_RKT_RKT0_
FNDA:0,_ZN7testing8internal18CmpHelperEQFailureIN8RailCore9DelayModeES3_EENS_15AssertionResultEPKcS6_RKT_RKT0_
FNDA:0,_ZN7testing8internal18CmpHelperEQFailureINSt7__cxx1112basic_stringIcSt11char_traitsIcESaIcEEEA11_cEENS_15AssertionResultEPKcSB_RKT_RKT0_
FNDA:0,_ZN7testing8internal18CmpHelperEQFailureINSt7__cxx1112basic_stringIcSt11char_traitsIcESaIcEEEA13_cEENS_15AssertionResultEPKcSB_RKT_RKT0_
FNDA:0,_ZN7testing8internal18CmpHelperEQFailureINSt7__cxx1112basic_stringIcSt11char_traitsIcESaIcEEEA15_cEENS_15AssertionResultEPKcSB_RKT_RKT0_
FNDA:0,_ZN7testing8internal18CmpHelperEQFailureINSt7__cxx1112basic_stringIcSt11char_traitsIcESaIcEEEA16_cEENS_15AssertionResultEPKcSB_RKT_RKT0_
FNDA:0,_ZN7testing8internal18CmpHelperEQFailureINSt7__cxx1112basic_stringIcSt11char_traitsIcESaIcEEEA19_cEENS_15AssertionResultEPKcSB_RKT_RKT0_
FNDA:0,_ZN7testing8internal18CmpHelperEQFailureINSt7__cxx1112basic_stringIcSt11char_traitsIcESaIcEEEA1_cEENS_15AssertionResultEPKcSB_RKT_RKT0_
FNDA:0,_ZN7testing8internal18CmpHelperEQFailureINSt7__cxx1112basic_stringIcSt11char_traitsIcESaIcEEEA8_cEENS_15AssertionResultEPKcSB_RKT_RKT0_
FNDA:0,_ZN7testing8internal18CmpHelperEQFailureINSt7__cxx1112basic_stringIcSt11char_traitsIcESaIcEEES7_EENS_15AssertionResultEPKcSA_RKT_RKT0_
FNDA:0,_ZN7testing8internal18CmpHelperEQFailureIjiEENS_15AssertionResultEPKcS4_RKT_RKT0_
FNDA:0,_ZN7testing8internal18CmpHelperEQFailureIliEENS_15AssertionResultEPKcS4_RKT_RKT0_
FNDA:0,_ZN7testing8internal18CmpHelperEQFailureImiEENS_15AssertionResultEPKcS4_RKT_RKT0_
FNDA:0,_ZN7testing8internal18CmpHelperEQFailureImmEENS_15AssertionResultEPKcS4_RKT_RKT0_
FNDA:4,_ZN7testing8internal11CmpHelperEQIN8RailCore10StatusCodeES3_EENS_15AssertionResultEPKcS6_RKT_RKT0_
FNDA:2,_ZN7testing8internal11CmpHelperEQIN8RailCore9DelayModeES3_EENS_15AssertionResultEPKcS6_RKT_RKT0_
FNDA:2,_ZN7testing8internal11CmpHelperEQINSt7__cxx1112basic_stringIcSt11char_traitsIcESaIcEEEA11_cEENS_15AssertionResultEPKcSB_RKT_RKT0_
FNDA:2,_ZN7testing8internal11CmpHelperEQINSt7__cxx1112basic_stringIcSt11char_traitsIcESaIcEEEA13_cEENS_15AssertionResultEPKcSB_RKT_RKT0_
FNDA:2,_ZN7testing8internal11CmpHelperEQINSt7__cxx1112basic_stringIcSt11char_traitsIcESaIcEEEA15_cEENS_15AssertionResultEPKcSB_RKT_RKT0_
FNDA:2,_ZN7testing8internal11CmpHelperEQINSt7__cxx1112basic_stringIcSt11char_traitsIcESaIcEEEA16_cEENS_15AssertionResultEPKcSB_RKT_RKT0_
FNDA:2,_ZN7testing8internal11CmpHelperEQINSt7__cxx1112basic_stringIcSt11char_traitsIcESaIcEEEA19_cEENS_15AssertionResultEPKcSB_RKT_RKT0_
FNDA:2,_ZN7testing8internal11CmpHelperEQINSt7__cxx1112basic_stringIcSt11char_traitsIcESaIcEEEA1_cEENS_15AssertionResultEPKcSB_RKT_RKT0_
FNDA:2,_ZN7testing8internal11CmpHelperEQINSt7__cxx1112basic_stringIcSt11char_traitsIcESaIcEEEA8_cEENS_15AssertionResultEPKcSB_RKT_RKT0_
FNDA:2,_ZN7testing8internal11CmpHelperEQINSt7__cxx1112basic_stringIcSt11char_traitsIcESaIcEEES7_EENS_15AssertionResultEPKcSA_RKT_RKT0_
FNDA:10,_ZN7testing8internal11CmpHelperEQIjiEENS_15AssertionResultEPKcS4_RKT_RKT0_
FNDA:4,_ZN7testing8internal11CmpHelperEQIliEENS_15AssertionResultEPKcS4_RKT_RKT0_
FNDA:2,_ZN7testing8internal11CmpHelperEQImiEENS_15AssertionResultEPKcS4_RKT_RKT0_
FNDA:4,_ZN7testing8internal11CmpHelperEQImmEENS_15AssertionResultEPKcS4_RKT_RKT0_
FNDA:4,_ZN7testing8internal8EqHelper7CompareIN8RailCore10StatusCodeES4_LPv0EEENS_15AssertionResultEPKcS8_RKT_RKT0_
FNDA:2,_ZN7testing8internal8EqHelper7CompareIN8RailCore9DelayModeES4_LPv0EEENS_15AssertionResultEPKcS8_RKT_RKT0_
FNDA:2,_ZN7testing8internal8EqHelper7CompareINSt7__cxx1112basic_stringIcSt11char_traitsIcESaIcEEEA11_cLPv0EEENS_15AssertionResultEPKcSD_RKT_RKT0_
FNDA:2,_ZN7testing8internal8EqHelper7CompareINSt7__cxx1112basic_stringIcSt11char_traitsIcESaIcEEEA13_cLPv0EEENS_15AssertionResultEPKcSD_RKT_RKT0_
FNDA:2,_ZN7testing8internal8EqHelper7CompareINSt7__cxx1112basic_stringIcSt11char_traitsIcESaIcEEEA15_cLPv0EEENS_15AssertionResultEPKcSD_RKT_RKT0_
FNDA:2,_ZN7testing8internal8EqHelper7CompareINSt7__cxx1112basic_stringIcSt11char_traitsIcESaIcEEEA16_cLPv0EEENS_15AssertionResultEPKcSD_RKT_RKT0_
FNDA:2,_ZN7testing8internal8EqHelper7CompareINSt7__cxx1112basic_stringIcSt11char_traitsIcESaIcEEEA19_cLPv0EEENS_15AssertionResultEPKcSD_RKT_RKT0_
FNDA:2,_ZN7testing8internal8EqHelper7CompareINSt7__cxx1112basic_stringIcSt11char_traitsIcESaIcEEEA1_cLPv0EEENS_15AssertionResultEPKcSD_RKT_RKT0_
FNDA:2,_ZN7testing8internal8EqHelper7CompareINSt7__cxx1112basic_stringIcSt11char_traitsIcESaIcEEEA8_cLPv0EEENS_15AssertionResultEPKcSD_RKT_RKT0_
FNDA:2,_ZN7testing8internal8EqHelper7CompareINSt7__cxx1112basic_stringIcSt11char_traitsIcESaIcEEES8_LPv0EEENS_15AssertionResultEPKcSC_RKT_RKT0_
FNDA:10,_ZN7testing8internal8EqHelper7CompareIjiLPv0EEENS_15AssertionResultEPKcS6_RKT_RKT0_
FNDA:4,_ZN7testing8internal8EqHelper7CompareIliLPv0EEENS_15AssertionResultEPKcS6_RKT_RKT0_
FNDA:2,_ZN7testing8internal8EqHelper7CompareImiLPv0EEENS_15AssertionResultEPKcS6_RKT_RKT0_
FNDA:4,_ZN7testing8internal8EqHelper7CompareImmLPv0EEENS_15AssertionResultEPKcS6_RKT_RKT0_
FNDA:0,_ZN7testing8internal18CmpHelperOpFailureIN8RailCore10StatusCodeES3_EENS_15AssertionResultEPKcS6_RKT_RKT0_S6_
FNDA:0,_ZN7testing8internal18CmpHelperOpFailureIN8RailCore9DelayModeES3_EENS_15AssertionResultEPKcS6_RKT_RKT0_S6_
FNDA:0,_ZN7testing8internal18CmpHelperOpFailureINSt7__cxx1112basic_stringIcSt11char_traitsIcESaIcEEES7_EENS_15AssertionResultEPKcSA_RKT_RKT0_SA_
FNDA:6,_ZN7testing8internal11CmpHelperNEIN8RailCore10StatusCodeES3_EENS_15AssertionResultEPKcS6_RKT_RKT0_
FNDA:6,_ZN7testing8internal11CmpHelperNEIN8RailCore9DelayModeES3_EENS_15AssertionResultEPKcS6_RKT_RKT0_
FNDA:2,_ZN7testing8internal11CmpHelperNEINSt7__cxx1112basic_stringIcSt11char_traitsIcESaIcEEES7_EENS_15AssertionResultEPKcSA_RKT_RKT0_
FNDA:0,_ZN7testing8internal12AssertHelper16AssertHelperDataC2ENS_14TestPartResult4TypeEPKciS6_
FNDA:0,_ZN7testing12RegisterTestIJEZNS_8internal23InsertSyntheticTestCaseERKNSt7__cxx1112basic_stringIcSt11char_traitsIcESaIcEEENS1_12CodeLocationEbEUlvE_EEPNS_8TestInfoEPKcSF_SF_SF_SF_iT0_
FNDA:0,_ZN7testing12RegisterTestIJEZNS_8internal34TypeParameterizedTestSuiteRegistry22CheckForInstantiationsEvEUlvE_EEPNS_8TestInfoEPKcS7_S7_S7_S7_iT0_
FNDA:0,_ZZN7testing12RegisterTestIJEZNS_8internal23InsertSyntheticTestCaseERKNSt7__cxx1112basic_stringIcSt11char_traitsIcESaIcEEENS1_12CodeLocationEbEUlvE_EEPNS_8TestInfoEPKcSF_SF_SF_SF_iT0_EN11FactoryImplC2ESB_
FNDA:0,_ZZN7testing12RegisterTestIJEZNS_8internal34TypeParameterizedTestSuiteRegistry22CheckForInstantiationsEvEUlvE_EEPNS_8TestInfoEPKcS7_S7_S7_S7_iT0_EN11FactoryImplC2ES3_
FNDA:0,_ZZN7testing12RegisterTestIJEZNS_8internal23InsertSyntheticTestCaseERKNSt7__cxx1112basic_stringIcSt11char_traitsIcESaIcEEENS1_12CodeLocationEbEUlvE_EEPNS_8TestInfoEPKcSF_SF_SF_SF_iT0_EN11FactoryImpl10CreateTestEv
FNDA:0,_ZZN7testing12RegisterTestIJEZNS_8internal34TypeParameterizedTestSuiteRegistry22CheckForInstantiationsEvEUlvE_EEPNS_8TestInfoEPKcS7_S7_S7_S7_iT0_EN11FactoryImpl10CreateTestEv
FNDA:2,_Z13RUN_ALL_TESTSv
FNDA:0,_ZN7testing4Test14SetUpTestSuiteEv
FNDA:0,_ZN7testing4Test17TearDownTestSuiteEv
FNDA:0,_ZN7testing4Test16TearDownTestCaseEv
[...]
DA:2333,0
DA:2334,0
DA:2335,0
DA:2336,0
DA:2337,0
DA:2339,0
DA:2342,0
DA:2348,0
DA:2350,0
DA:2351,0
DA:2352,0
DA:2353,0
DA:2354,0
DA:2355,0
DA:2357,0
DA:2360,0
DA:2364,0
DA:2365,0
DA:2366,0
DA:2367,0
DA:2368,0
DA:2370,0
DA:2371,0
DA:2373,0
DA:2375,0
DA:2376,0
DA:2378,0
DA:2381,0
DA:2382,0
DA:2383,0
DA:2384,0
DA:2385,0
DA:2386,0
DA:2388,0
DA:2393,0
DA:2395,0
DA:2396,0
DA:2400,42
DA:2401,42
DA:2402,42
DA:2403,42
DA:2404,42
DA:2405,42
DA:2408,0
DA:2409,0
DA:2413,188
DA:2414,188
DA:2418,390
DA:2419,390
DA:2420,0
DA:2422,390
DA:2426,0
DA:2427,0
DA:2431,74
DA:2432,74
DA:2436,0
DA:2437,0
DA:2441,0
DA:2442,0
DA:2447,390
DA:2448,390
DA:2452,0
DA:2453,0
DA:2461,36
DA:2466,36
DA:2471,36
DA:2476,36
DA:2479,0
DA:2480,0
DA:2481,0
DA:2485,0
DA:2489,0
DA:2495,0
DA:2504,36
DA:2505,36
DA:2506,36
DA:2509,36
DA:2510,36
DA:2511,36
DA:2514,36
DA:2515,36
DA:2516,36
DA:2518,36
DA:2520,0
DA:2522,0
DA:2524,0
DA:2531,0
DA:2533,0
DA:2536,0
DA:2537,0
DA:2538,0
DA:2539,0
DA:2540,0
DA:2541,0
DA:2542,0
DA:2543,0
DA:2544,0
DA:2545,0
DA:2548,0
DA:2549,0
DA:2550,0
DA:2551,0
DA:2552,0
DA:2553,0
DA:2554,0
DA:2555,0
DA:2556,0
DA:2557,0
DA:2559,0
DA:2562,36
DA:2570,0
DA:2572,0
DA:2573,0
DA:2574,0
DA:2576,0
DA:2578,0
DA:2580,0
DA:2581,0
DA:2586,0
DA:2587,0
DA:2588,0
DA:2601,194
DA:2612,194
DA:2620,194
DA:2645,194
DA:2648,194
DA:2649,0
DA:2651,0
DA:2655,0
DA:2656,0
DA:2657,0
DA:2659,0
DA:2660,0
DA:2661,0
DA:2665,0
DA:2670,0
DA:2677,36
DA:2678,36
DA:2680,36
DA:2681,36
DA:2682,36
DA:2685,36
DA:2686,36
DA:2687,36
DA:2694,36
DA:2695,36
DA:2700,74
DA:2701,74
DA:2705,0
DA:2708,0
DA:2712,74
DA:2713,74
DA:2720,36
DA:2725,36
DA:2726,36
DA:2728,72
DA:2729,36
DA:2730,36
DA:2731,36
DA:2732,36
DA:2733,36
DA:2734,36
DA:2735,36
DA:2736,36
DA:2737,36
DA:2738,36
DA:2741,36
DA:2763,36
DA:2770,180
DA:2771,36
DA:2772,36
DA:2775,0
DA:2777,0
DA:2779,0
DA:2780,0
DA:2781,0
DA:2782,0
DA:2783,0
DA:2784,0
DA:2785,0
DA:2786,0
DA:2788,0
DA:2790,0
DA:2791,0
DA:2796,2
DA:2797,2
DA:2798,2
DA:2799,2
DA:2800,2
DA:2802,2
DA:2808,36
DA:2809,36
DA:2810,36
DA:2811,0
DA:2812,0
DA:2816,36
DA:2817,36
DA:2820,36
DA:2821,36
DA:2822,36
DA:2823,36
DA:2826,72
DA:2827,36
DA:2833,36
DA:2836,36
DA:2839,36
DA:2841,36
DA:2842,36
DA:2846,36
DA:2849,36
DA:2853,36
DA:2857,0
DA:2858,0
DA:2860,0
DA:2861,0
DA:2863,0
DA:2866,0
DA:2869,0
DA:2870,0
DA:2874,0
DA:2875,0
DA:2876,0
DA:2881,6
DA:2882,6
DA:2886,6
DA:2887,6
DA:2891,12
DA:2892,12
DA:2896,6
DA:2897,6
DA:2901,0
DA:2902,0
DA:2906,0
DA:2907,0
DA:2911,24
DA:2912,24
DA:2916,42
DA:2917,42
DA:2929,6
DA:2931,6
DA:2932,6
DA:2933,6
DA:2934,6
DA:2935,6
DA:2936,6
DA:2937,6
DA:2938,12
DA:2941,18
DA:2943,6
DA:2944,12
DA:2948,0
DA:2949,0
DA:2950,0
DA:2955,36
DA:2956,36
DA:2957,36
DA:2962,36
DA:2963,36
DA:2964,36
DA:2965,36
DA:2968,6
DA:2969,6
DA:2971,6
DA:2972,6
DA:2974,6
DA:2986,6
DA:2987,64
DA:2988,64
DA:2989,0
DA:2992,64
DA:2996,6
DA:2999,6
DA:3002,6
DA:3003,6
DA:3007,6
DA:3009,6
DA:3010,6
DA:3011,42
DA:3012,36
DA:3013,0
DA:3015,36
DA:3017,36
DA:3018,0
DA:3019,0
DA:3020,0
DA:3022,0
DA:3025,6
DA:3027,6
DA:3028,6
DA:3032,6
DA:3035,6
DA:3038,6
DA:3042,0
DA:3043,0
DA:3045,0
DA:3046,0
DA:3048,0
DA:3051,0
DA:3054,0
DA:3057,0
DA:3058,0
DA:3062,0
DA:3065,0
DA:3068,0
DA:3072,6
DA:3073,6
DA:3074,6
DA:3075,6
DA:3078,0
DA:3079,0
DA:3080,0
DA:3083,6
DA:3084,42
DA:3085,36
DA:3087,6
DA:3094,22
DA:3096,44
DA:3097,66
DA:3101,6
DA:3102,6
DA:3106,4
DA:3107,4
DA:3114,0
DA:3115,0
DA:3116,0
DA:3117,0
DA:3118,0
DA:3119,0
DA:3121,0
DA:3126,0
DA:3128,0
DA:3129,0
DA:3139,0
DA:3141,0
DA:3143,0
DA:3144,0
DA:3145,0
DA:3146,0
DA:3147,0
DA:3151,0
DA:3152,0
DA:3153,0
DA:3154,0
DA:3166,0
DA:3222,0
DA:3223,0
DA:3224,0
DA:3225,0
DA:3226,0
DA:3227,0
DA:3228,0
DA:3229,0
DA:3230,0
DA:3231,0
DA:3238,2
DA:3239,2
DA:3240,2
DA:3242,2
DA:3249,2
DA:3251,2
DA:3252,0
DA:3253,0
DA:3254,0
DA:3255,0
DA:3256,0
DA:3257,0
DA:3258,0
DA:3259,2
DA:3260,2
DA:3264,0
DA:3265,0
DA:3266,0
DA:3267,0
DA:3271,2
DA:3279,94
DA:3281,94
DA:3285,94
DA:3290,94
DA:3292,94
DA:3293,94
DA:3294,94
DA:3295,94
DA:3321,0
DA:3322,0
DA:3323,0
DA:3325,0
DA:3333,0
DA:3334,0
DA:3335,0
DA:3337,0
DA:3338,0
DA:3339,0
DA:3340,0
DA:3341,0
DA:3343,0
DA:3344,0
DA:3347,0
DA:3354,2
DA:3355,72
DA:3356,72
DA:3357,72
DA:3360,2
DA:3363,2
DA:3382,2
DA:3384,2
DA:3393,2
DA:3395,2
DA:3396,0
DA:3398,2
DA:3399,2
DA:3403,2
DA:3404,0
DA:3408,2
DA:3409,0
DA:3410,0
DA:3415,2
DA:3416,0
DA:3421,2
DA:3422,4
DA:3423,4
DA:3424,4
DA:3425,2
DA:3426,2
DA:3428,2
DA:3430,2
DA:3431,2
DA:3432,2
DA:3433,2
DA:3436,6
DA:3438,6
DA:3439,6
DA:3440,6
DA:3441,6
DA:3442,6
DA:3444,0
DA:3446,6
DA:3447,6
DA:3464,36
DA:3465,36
DA:3466,36
DA:3467,36
DA:3468,36
DA:3469,36
DA:3471,0
DA:3472,0
DA:3473,0
DA:3474,0
DA:3475,0
DA:3476,0
DA:3479,0
DA:3481,0
DA:3483,0
DA:3484,0
DA:3485,0
DA:3488,0
DA:3489,0
DA:3493,36
DA:3494,36
DA:3495,36
DA:3496,0
DA:3497,0
DA:3499,0
DA:3501,36
DA:3502,36
DA:3504,36
DA:3505,36
DA:3506,72
DA:3509,0
DA:3511,36
DA:3512,36
DA:3515,6
DA:3516,6
DA:3519,6
DA:3520,6
DA:3521,6
DA:3522,12
DA:3523,6
DA:3524,6
DA:3538,2
DA:3540,2
DA:3541,2
DA:3542,2
DA:3543,2
DA:3546,0
DA:3547,0
DA:3548,0
DA:3549,0
DA:3551,0
DA:3552,0
DA:3553,0
DA:3554,0
DA:3556,0
DA:3557,0
DA:3558,0
DA:3559,0
DA:3561,0
DA:3562,0
DA:3563,0
DA:3564,0
DA:3567,0
DA:3569,0
DA:3573,0
DA:3575,0
DA:3576,0
DA:3577,0
DA:3578,0
DA:3579,0
DA:3581,0
DA:3582,0
DA:3583,0
DA:3584,0
DA:3587,0
DA:3588,0
DA:3591,0
DA:3594,0
DA:3595,0
DA:3596,0
DA:3597,0
DA:3600,0
DA:3601,0
DA:3602,0
DA:3603,0
DA:3605,0
DA:3606,0
DA:3607,0
DA:3608,0
DA:3610,0
DA:3611,0
DA:3612,0
DA:3617,2
DA:3619,2
DA:3620,4
DA:3621,4
DA:3622,4
DA:3623,2
DA:3624,2
DA:3625,4
DA:3627,2
DA:3628,2
DA:3629,2
DA:3631,2
DA:3632,2
DA:3633,0
DA:3634,0
DA:3635,0
DA:3638,2
DA:3639,0
DA:3640,0
DA:3643,2
DA:3644,2
DA:3645,0
DA:3646,0
DA:3648,0
DA:3652,2
DA:3653,2
DA:3662,0
DA:3663,0
DA:3664,0
DA:3665,0
DA:3668,0
DA:3669,0
DA:3670,0
DA:3671,0
DA:3672,0
DA:3674,0
DA:3679,0
DA:3680,0
DA:3685,0
DA:3690,0
DA:3691,0
DA:3693,0
DA:3697,0
DA:3699,0
DA:3701,0
DA:3702,0
DA:3703,0
DA:3706,0
DA:3707,0
DA:3711,0
DA:3712,0
DA:3713,0
DA:3714,0
DA:3715,0
DA:3717,0
DA:3718,0
DA:3719,0
DA:3722,0
DA:3724,0
DA:3726,0
DA:3728,0
DA:3730,0
DA:3731,0
DA:3732,0
DA:3733,0
DA:3734,0
DA:3735,0
DA:3736,0
DA:3738,0
DA:3739,0
DA:3740,0
DA:3742,0
DA:3743,0
DA:3744,0
DA:3745,0
DA:3748,0
DA:3749,0
DA:3750,0
DA:3751,0
DA:3753,0
DA:3757,0
DA:3758,0
DA:3767,2
DA:3774,0
DA:3775,0
DA:3811,4
DA:3812,2
DA:3813,4
DA:3815,2
DA:3816,2
DA:3817,2
DA:3819,2
DA:3820,2
DA:3821,0
DA:3822,0
DA:3823,0
DA:3827,2
DA:3851,4
DA:3852,4
DA:3855,12
DA:3857,12
DA:3858,72
DA:3859,0
DA:3860,0
DA:3861,4
DA:3862,4
DA:3863,4
DA:3864,72
DA:3867,12
DA:3869,12
DA:3870,4
DA:3875,2
DA:3877,2
DA:3878,4
DA:3879,2
DA:3882,2
DA:3884,2
DA:3886,2
DA:3887,4
DA:3888,2
DA:3891,2
DA:3911,0
DA:3912,0
DA:3917,0
DA:3918,0
DA:3931,0
DA:3932,0
DA:3992,0
DA:3993,0
DA:3994,0
DA:3995,0
DA:3997,0
DA:4000,0
DA:4002,0
DA:4003,0
DA:4004,0
DA:4005,0
DA:4006,0
DA:4007,0
DA:4009,0
DA:4011,0
DA:4012,0
DA:4013,0
DA:4014,0
DA:4015,0
DA:4016,0
DA:4028,0
DA:4030,0
DA:4032,0
DA:4033,0
DA:4034,0
DA:4035,0
DA:4036,0
DA:4037,0
DA:4038,0
DA:4039,0
DA:4040,0
DA:4041,0
DA:4042,0
DA:4043,0
DA:4044,0
DA:4045,0
DA:4046,0
DA:4048,0
DA:4049,0
DA:4050,0
DA:4051,0
DA:4052,0
DA:4054,0
DA:4055,0
DA:4056,0
DA:4057,0
DA:4058,0
DA:4059,0
DA:4060,0
DA:4061,0
DA:4063,0
DA:4065,0
DA:4069,0
DA:4070,0
DA:4075,0
DA:4077,0
DA:4078,0
DA:4079,0
DA:4080,0
DA:4081,0
DA:4083,0
DA:4084,0
DA:4103,0
DA:4104,0
DA:4108,0
DA:4110,0
DA:4111,0
DA:4112,0
DA:4113,0
DA:4114,0
DA:4116,0
DA:4131,0
DA:4137,0
DA:4139,0
DA:4140,0
DA:4142,0
DA:4143,0
DA:4144,0
DA:4145,0
DA:4146,0
DA:4147,0
DA:4148,0
DA:4152,0
DA:4154,0
DA:4155,0
DA:4157,0
DA:4158,0
DA:4159,0
DA:4160,0
DA:4161,0
DA:4162,0
DA:4164,0
DA:4165,0
DA:4167,0
DA:4168,0
DA:4169,0
DA:4171,0
DA:4175,0
DA:4177,0
DA:4180,0
DA:4182,0
DA:4183,0
DA:4186,0
DA:4189,0
DA:4190,0
DA:4191,0
DA:4192,0
DA:4193,0
DA:4194,0
DA:4195,0
DA:4196,0
DA:4197,0
DA:4198,0
DA:4200,0
DA:4201,0
DA:4204,0
DA:4205,0
DA:4206,0
DA:4207,0
DA:4208,0
DA:4209,0
DA:4210,0
DA:4211,0
DA:4213,0
DA:4216,0
DA:4219,0
DA:4220,0
DA:4223,0
DA:4226,0
DA:4227,0
DA:4229,0
DA:4230,0
DA:4233,0
DA:4234,0
DA:4236,0
DA:4237,0
DA:4240,0
DA:4241,0
DA:4245,0
DA:4246,0
DA:4247,0
DA:4248,0
DA:4249,0
DA:4250,0
DA:4253,0
DA:4254,0
DA:4255,0
DA:4256,0
DA:4257,0
DA:4259,0
DA:4260,0
DA:4261,0
DA:4263,0
DA:4264,0
DA:4266,0
DA:4267,0
DA:4269,0
DA:4271,0
DA:4272,0
DA:4273,0
DA:4274,0
DA:4275,0
DA:4276,0
DA:4277,0
DA:4281,0
DA:4282,0
DA:4283,0
DA:4284,0
DA:4285,0
DA:4286,0
DA:4287,0
DA:4288,0
DA:4289,0
DA:4290,0
DA:4294,0
DA:4295,0
DA:4297,0
DA:4298,0
DA:4299,0
DA:4300,0
DA:4301,0
DA:4304,0
DA:4305,0
DA:4307,0
DA:4308,0
DA:4310,0
DA:4311,0
DA:4313,0
DA:4316,0
DA:4318,0
DA:4319,0
DA:4320,0
DA:4321,0
DA:4322,0
DA:4323,0
DA:4324,0
DA:4325,0
DA:4326,0
DA:4328,0
DA:4329,0
DA:4330,0
DA:4332,0
DA:4334,0
DA:4335,0
DA:4336,0
DA:4338,0
DA:4339,0
DA:4341,0
DA:4342,0
DA:4343,0
DA:4344,0
DA:4346,0
DA:4347,0
DA:4350,0
DA:4352,0
DA:4354,0
DA:4355,0
DA:4357,0
DA:4358,0
DA:4359,0
DA:4360,0
DA:4361,0
DA:4363,0
DA:4364,0
DA:4365,0
DA:4366,0
DA:4367,0
DA:4369,0
DA:4371,0
DA:4372,0
DA:4373,0
DA:4375,0
DA:4377,0
DA:4378,0
DA:4380,0
DA:4381,0
DA:4382,0
DA:4387,0
DA:4388,0
DA:4391,0
DA:4392,0
DA:4394,0
DA:4396,0
DA:4398,0
DA:4399,0
DA:4401,0
DA:4402,0
DA:4403,0
DA:4405,0
DA:4406,0
DA:4407,0
DA:4408,0
DA:4410,0
DA:4411,0
DA:4413,0
DA:4414,0
DA:4418,0
DA:4420,0
DA:4421,0
DA:4422,0
DA:4423,0
DA:4424,0
DA:4426,0
DA:4427,0
DA:4429,0
DA:4431,0
DA:4432,0
DA:4434,0
DA:4435,0
DA:4438,0
DA:4439,0
DA:4440,0
DA:4441,0
DA:4442,0
DA:4443,0
DA:4444,0
DA:4446,0
DA:4447,0
DA:4516,0
DA:4517,0
DA:4518,0
DA:4519,0
DA:4521,0
DA:4523,0
DA:4525,0
DA:4526,0
DA:4527,0
DA:4528,0
DA:4529,0
DA:4530,0
DA:4533,0
DA:4534,0
DA:4536,0
DA:4537,0
DA:4538,0
DA:4539,0
DA:4542,0
DA:4543,0
DA:4544,0
DA:4545,0
DA:4546,0
DA:4547,0
DA:4548,0
DA:4549,0
DA:4550,0
DA:4551,0
DA:4552,0
DA:4553,0
DA:4554,0
DA:4555,0
DA:4556,0
DA:4557,0
DA:4558,0
DA:4559,0
DA:4560,0
DA:4561,0
DA:4563,0
DA:4565,0
DA:4569,0
DA:4570,0
DA:4576,0
DA:4577,0
DA:4578,0
DA:4579,0
DA:4580,0
DA:4584,0
DA:4586,0
DA:4587,0
DA:4589,0
DA:4590,0
DA:4591,0
DA:4592,0
DA:4593,0
DA:4594,0
DA:4597,0
DA:4598,0
DA:4601,0
DA:4608,0
DA:4610,0
DA:4613,0
DA:4615,0
DA:4616,0
DA:4617,0
DA:4619,0
DA:4623,0
DA:4625,0
DA:4628,0
DA:4630,0
DA:4631,0
DA:4632,0
DA:4635,0
DA:4638,0
DA:4639,0
DA:4640,0
DA:4641,0
DA:4642,0
DA:4643,0
DA:4644,0
DA:4645,0
DA:4646,0
DA:4647,0
DA:4648,0
DA:4649,0
DA:4650,0
DA:4651,0
DA:4653,0
DA:4656,0
DA:4657,0
DA:4658,0
DA:4659,0
DA:4660,0
DA:4661,0
DA:4662,0
DA:4663,0
DA:4664,0
DA:4665,0
DA:4666,0
DA:4667,0
DA:4670,0
DA:4673,0
DA:4674,0
DA:4677,0
DA:4680,0
DA:4681,0
DA:4682,0
DA:4684,0
DA:4685,0
DA:4687,0
DA:4688,0
DA:4691,0
DA:4692,0
DA:4696,0
DA:4697,0
DA:4698,0
DA:4699,0
DA:4700,0
DA:4702,0
DA:4705,0
DA:4706,0
DA:4707,0
DA:4708,0
DA:4709,0
DA:4712,0
DA:4713,0
DA:4715,0
DA:4716,0
DA:4717,0
DA:4719,0
DA:4721,0
DA:4722,0
DA:4724,0
DA:4726,0
DA:4728,0
DA:4729,0
DA:4730,0
DA:4731,0
DA:4732,0
DA:4733,0
DA:4736,0
DA:4740,0
DA:4741,0
DA:4745,0
DA:4746,0
DA:4749,0
DA:4750,0
DA:4751,0
DA:4754,0
DA:4756,0
DA:4757,0
DA:4759,0
DA:4760,0
DA:4761,0
DA:4763,0
DA:4764,0
DA:4766,0
DA:4768,0
DA:4769,0
DA:4771,0
DA:4773,0
DA:4774,0
DA:4776,0
DA:4777,0
DA:4780,0
DA:4782,0
DA:4783,0
DA:4784,0
DA:4785,0
DA:4786,0
DA:4788,0
DA:4790,0
DA:4793,0
DA:4794,0
DA:4797,0
DA:4799,0
DA:4800,0
DA:4801,0
DA:4803,0
DA:4805,0
DA:4807,0
DA:4809,0
DA:4810,0
DA:4811,0
DA:4814,0
DA:4815,0
DA:4817,0
DA:4818,0
DA:4821,0
DA:4822,0
DA:4824,0
DA:4825,0
DA:4827,0
DA:4828,0
DA:4829,0
DA:4830,0
DA:4831,0
DA:4833,0
DA:4835,0
DA:4841,0
DA:4842,0
DA:4843,0
DA:4845,0
DA:4850,0
DA:4851,0
DA:4853,0
DA:4855,0
DA:4856,0
DA:4857,0
DA:4858,0
DA:4859,0
DA:4860,0
DA:4862,0
DA:4864,0
DA:4865,0
DA:4867,0
DA:4868,0
DA:4869,0
DA:4871,0
DA:4876,0
DA:4877,0
DA:4880,0
DA:4882,0
DA:4883,0
DA:4884,0
DA:4885,0
DA:4886,0
DA:4887,0
DA:4889,0
DA:4890,0
DA:4902,0
DA:4903,0
DA:4904,0
DA:4905,0
DA:4906,0
DA:4907,0
DA:4911,0
DA:4912,0
DA:4913,0
DA:4914,0
DA:4915,0
DA:4916,0
DA:4919,0
DA:4920,0
DA:4922,0
DA:4923,0
DA:4924,0
DA:4927,0
DA:4928,0
DA:4929,0
DA:4930,0
DA:4935,0
DA:4936,0
DA:4937,0
DA:4938,0
DA:4942,0
DA:4943,0
DA:4944,0
DA:4946,0
DA:4948,0
DA:4949,0
DA:4950,0
DA:4955,0
DA:4957,0
DA:4958,0
DA:4959,0
DA:4961,0
DA:4971,0
DA:5017,0
DA:5021,192
DA:5031,192
DA:5038,2
DA:5039,4
DA:5042,2
DA:5046,0
DA:5047,0
DA:5048,0
DA:5050,2
DA:5052,4
DA:5054,2
DA:5055,0
DA:5056,0
DA:5057,0
DA:5058,0
DA:5059,0
DA:5063,2
DA:5077,2
DA:5078,2
DA:5079,2
DA:5080,2
DA:5082,2
DA:5088,2
DA:5089,2
DA:5090,2
DA:5095,2
DA:5096,2
DA:5097,2
DA:5098,0
DA:5099,0
DA:5100,2
DA:5105,44
DA:5112,2
DA:5113,2
DA:5116,2
DA:5117,2
DA:5118,2
DA:5120,2
DA:5127,0
DA:5128,0
DA:5131,0
DA:5132,0
DA:5133,0
DA:5135,0
DA:5139,0
DA:5140,0
DA:5143,0
DA:5144,0
DA:5145,0
DA:5156,540
DA:5165,540
DA:5166,540
DA:5171,0
DA:5172,0
DA:5176,0
DA:5177,0
DA:5181,0
DA:5182,0
DA:5187,4
DA:5188,4
DA:5193,0
DA:5194,0
DA:5196,0
DA:5197,0
DA:5199,0
DA:5200,0
DA:5202,0
DA:5203,0
DA:5208,2
DA:5209,2
DA:5213,2
DA:5214,2
DA:5218,0
DA:5221,2
DA:5222,2
DA:5226,0
DA:5227,0
DA:5231,0
DA:5232,0
DA:5236,0
DA:5239,4
DA:5243,0
DA:5244,0
DA:5248,2
DA:5249,2
DA:5254,2
DA:5258,0
DA:5262,0
DA:5263,0
DA:5268,0
DA:5269,0
DA:5275,0
DA:5276,0
DA:5281,0
DA:5282,0
DA:5287,42
DA:5299,0
DA:5300,0
DA:5301,0
DA:5304,0
DA:5305,0
DA:5312,0
DA:5317,0
DA:5318,0
DA:5320,0
DA:5321,0
DA:5322,0
DA:5324,0
DA:5325,0
DA:5326,0
DA:5327,0
DA:5328,0
DA:5332,0
DA:5333,0
DA:5335,0
DA:5339,0
DA:5340,0
DA:5343,0
DA:5350,0
DA:5361,0
DA:5372,0
DA:5374,0
DA:5382,0
DA:5389,0
DA:5391,0
DA:5392,0
DA:5399,2
DA:5402,2
DA:5428,2
DA:5435,2
DA:5484,2
DA:5487,2
DA:5488,2
DA:5489,2
DA:5494,0
DA:5495,0
DA:5501,0
DA:5503,0
DA:5504,0
DA:5505,0
DA:5509,0
DA:5511,0
DA:5512,0
DA:5513,0
DA:5518,0
DA:5520,0
DA:5521,0
DA:5522,0
DA:5525,0
DA:5530,0
DA:5531,0
DA:5535,2
DA:5538,2
DA:5542,0
DA:5544,0
DA:5545,0
DA:5546,0
DA:5549,0
DA:5550,0
DA:5551,0
DA:5552,0
DA:5556,2
DA:5557,2
DA:5559,2
DA:5560,2
DA:5561,2
DA:5563,2
DA:5565,2
DA:5566,2
DA:5567,2
DA:5568,2
DA:5569,2
DA:5570,2
DA:5571,2
DA:5572,2
DA:5573,2
DA:5574,2
DA:5575,2
DA:5576,2
DA:5578,2
DA:5581,14
DA:5582,2
DA:5583,2
DA:5585,4
DA:5587,2
DA:5590,2
DA:5592,2
DA:5593,4
DA:5600,0
DA:5601,0
DA:5604,0
DA:5605,0
DA:5606,0
DA:5607,0
DA:5608,0
DA:5609,0
DA:5611,0
DA:5612,0
DA:5614,0
DA:5615,0
DA:5620,2
DA:5621,2
DA:5622,0
DA:5623,2
DA:5628,2
DA:5629,2
DA:5631,2
DA:5632,0
DA:5633,0
DA:5634,2
DA:5635,0
DA:5636,0
DA:5637,2
DA:5638,0
DA:5639,0
DA:5647,2
DA:5652,2
DA:5653,2
DA:5654,2
DA:5655,0
DA:5656,0
DA:5657,0
DA:5658,0
DA:5660,0
DA:5661,0
DA:5664,2
DA:5672,4
DA:5674,4
DA:5675,2
DA:5683,2
DA:5684,2
DA:5690,2
DA:5694,2
DA:5696,2
DA:5697,0
DA:5702,2
DA:5712,4
DA:5725,36
DA:5728,36
DA:5729,72
DA:5730,72
DA:5749,36
DA:5755,36
DA:5756,72
DA:5758,36
DA:5762,6
DA:5764,12
DA:5766,12
DA:5771,0
DA:5772,0
DA:5776,6
DA:5779,6
DA:5780,6
DA:5781,6
DA:5785,0
DA:5786,0
DA:5797,2
DA:5800,2
DA:5803,2
DA:5807,2
DA:5813,2
DA:5818,2
DA:5821,2
DA:5829,2
DA:5835,2
DA:5836,2
DA:5839,2
DA:5841,0
DA:5842,0
DA:5845,2
DA:5848,2
DA:5850,2
DA:5852,2
DA:5853,2
DA:5857,2
DA:5860,2
DA:5868,2
DA:5869,2
DA:5872,4
DA:5875,2
DA:5877,2
DA:5880,2
DA:5881,0
DA:5885,0
DA:5889,2
DA:5892,2
DA:5895,2
DA:5896,2
DA:5897,2
DA:5898,2
DA:5903,2
DA:5907,0
DA:5908,0
DA:5910,0
DA:5911,0
DA:5912,0
DA:5913,0
DA:5914,0
DA:5916,0
DA:5917,2
DA:5918,8
DA:5920,6
DA:5921,6
DA:5922,0
DA:5923,0
DA:5924,0
DA:5926,0
DA:5929,0
DA:5933,0
DA:5935,0
DA:5942,2
DA:5943,2
DA:5944,2
DA:5946,2
DA:5950,2
DA:5953,2
DA:5956,2
DA:5957,0
DA:5966,2
DA:5968,2
DA:5970,0
DA:5974,2
DA:5976,2
DA:5977,0
DA:5986,2
DA:5994,2
DA:5995,2
DA:5996,2
DA:5997,0
DA:5998,0
DA:5999,0
DA:6003,0
DA:6004,0
DA:6006,0
DA:6008,2
DA:6017,4
DA:6019,4
DA:6020,0
DA:6023,4
DA:6024,4
DA:6026,4
DA:6027,4
DA:6028,0
DA:6029,0
DA:6030,0
DA:6031,0
DA:6032,0
DA:6033,0
DA:6034,0
DA:6035,0
DA:6036,0
DA:6037,0
DA:6038,0
DA:6039,0
DA:6040,0
DA:6041,0
DA:6042,0
DA:6043,0
DA:6044,0
DA:6046,0
DA:6047,0
DA:6048,0
DA:6049,0
DA:6050,0
DA:6051,0
DA:6052,0
DA:6053,0
DA:6055,0
DA:6061,8
DA:6062,8
DA:6063,8
DA:6064,8
DA:6068,0
DA:6070,0
DA:6072,0
DA:6079,0
DA:6080,0
DA:6090,2
DA:6092,2
DA:6093,2
DA:6095,2
DA:6096,2
DA:6099,2
DA:6100,2
DA:6105,2
DA:6106,2
DA:6107,8
DA:6108,6
DA:6109,6
DA:6111,42
DA:6112,36
DA:6113,36
DA:6117,72
DA:6118,36
DA:6119,36
DA:6122,36
DA:6123,36
DA:6125,36
DA:6126,36
DA:6130,36
DA:6131,0
DA:6132,36
DA:6133,36
DA:6135,36
DA:6136,36
DA:6138,36
DA:6139,36
DA:6140,36
DA:6141,6
DA:6142,2
DA:6143,2
DA:6149,0
DA:6150,0
DA:6151,0
DA:6152,0
DA:6153,0
DA:6154,0
DA:6156,0
DA:6157,0
DA:6158,0
DA:6160,0
DA:6161,0
DA:6165,0
DA:6168,0
DA:6170,0
DA:6172,0
DA:6173,0
DA:6175,0
DA:6176,0
DA:6177,0
DA:6178,0
DA:6179,0
DA:6180,0
DA:6181,0
DA:6182,0
DA:6185,0
DA:6187,0
DA:6189,0
DA:6190,0
DA:6191,0
DA:6194,0
DA:6196,0
DA:6200,0
DA:6202,0
DA:6203,0
DA:6204,0
DA:6205,0
DA:6206,0
DA:6207,0
DA:6208,0
DA:6209,0
DA:6210,0
DA:6211,0
DA:6212,0
DA:6213,0
DA:6214,0
DA:6216,0
DA:6217,0
DA:6218,0
DA:6220,0
DA:6227,0
DA:6229,0
DA:6230,0
DA:6231,0
DA:6233,0
DA:6238,192
DA:6239,192
DA:6243,2
DA:6247,192
DA:6251,148
DA:6252,148
DA:6253,144
DA:6255,4
DA:6256,0
DA:6258,4
DA:6263,0
DA:6265,0
DA:6268,0
DA:6269,0
DA:6272,0
DA:6273,0
DA:6275,0
DA:6278,2
DA:6279,8
DA:6281,6
DA:6283,6
DA:6285,2
DA:6298,0
DA:6301,0
DA:6310,94
DA:6312,20
DA:6316,20
DA:6318,20
DA:6324,0
DA:6325,0
DA:6326,0
DA:6327,0
DA:6328,0
DA:6330,0
DA:6338,0
DA:6341,0
DA:6345,0
DA:6346,0
DA:6347,0
DA:6350,0
DA:6353,0
DA:6354,0
DA:6360,0
DA:6363,0
DA:6364,0
DA:6376,0
DA:6378,0
DA:6381,0
DA:6384,0
DA:6385,0
DA:6392,0
DA:6394,0
DA:6397,0
DA:6400,0
DA:6401,0
DA:6409,0
DA:6411,0
DA:6414,0
DA:6417,0
DA:6418,0
DA:6427,0
DA:6428,0
DA:6429,0
DA:6430,0
DA:6431,0
DA:6432,0
DA:6444,0
DA:6445,0
DA:6452,0
DA:6453,0
DA:6454,0
DA:6455,0
DA:6458,0
DA:6460,0
DA:6461,0
DA:6462,0
DA:6463,0
DA:6464,0
DA:6465,0
DA:6466,0
DA:6467,0
DA:6468,0
DA:6469,0
DA:6470,0
DA:6471,0
DA:6473,0
DA:6475,0
DA:6574,0
DA:6584,0
DA:6585,0
DA:6586,0
DA:6587,0
DA:6588,0
DA:6589,0
DA:6590,0
DA:6591,0
DA:6592,0
DA:6593,0
DA:6594,0
DA:6595,0
DA:6596,0
DA:6597,0
DA:6598,0
DA:6599,0
DA:6600,0
DA:6601,0
DA:6602,0
DA:6603,0
DA:6604,0
DA:6605,0
DA:6609,0
DA:6610,0
DA:6611,0
DA:6612,0
DA:6613,0
DA:6615,0
DA:6616,0
DA:6617,0
DA:6618,0
DA:6619,0
DA:6620,0
DA:6621,0
DA:6623,0
DA:6630,2
DA:6631,2
DA:6632,2
DA:6633,0
DA:6634,0
DA:6638,0
DA:6639,0
DA:6640,0
DA:6642,0
DA:6643,0
DA:6644,0
DA:6645,0
DA:6647,0
DA:6650,0
DA:6653,0
DA:6658,0
DA:6659,0
DA:6663,0
DA:6667,0
DA:6671,2
DA:6675,0
DA:6677,2
DA:6685,2
DA:6735,2
DA:6748,2
DA:6749,0
DA:6750,0
DA:6751,0
DA:6758,2
DA:6760,2
DA:6762,2
DA:6764,2
DA:6765,4
DA:6766,2
DA:6779,2
DA:6780,2
DA:6794,2
DA:6798,2
DA:6800,2
DA:6804,0
DA:6808,0
DA:6810,0
DA:6814,0
DA:6816,0
DA:6817,0
DA:6818,0
DA:6819,0
DA:6824,0
DA:6826,0
DA:6834,0
DA:6837,0
DA:6838,0
DA:6839,0
DA:6840,0
DA:6841,0
DA:6843,0
DA:6846,0
DA:6850,0
DA:6858,0
DA:6865,0
DA:6866,0
DA:6867,0
DA:6868,0
DA:6872,0
DA:6882,0
DA:6883,0
DA:6892,0
DA:6893,0
DA:6894,0
DA:6895,0
DA:6896,0
DA:6898,0
DA:6899,0
DA:6902,0
DA:6903,0
DA:6904,0
LF:2664
LH:709
end_of_record
TN:
SF:/home/user/railcontrol/build/coverage/_deps/googletest-src/googletest/src/gtest_main.cc
FN:61,65,main
FNDA:2,main
FNF:1
FNH:1
DA:61,2
DA:62,2
DA:63,2
DA:64,2
LF:4
LH:4
end_of_record
TN:
SF:/home/user/railcontrol/src/railcore/persistence/rcd_id.cpp
FN:10,29,_ZN8RailCore22CanonicalizeRcdContentERKNSt7__cxx1112basic_stringIcSt11char_traitsIcESaIcEEE
FN:31,40,_ZN8RailCoreL7fnv1a64EPKhm
FN:42,55,_ZN8RailCore23ComputeRcdIdFromContentERKNSt7__cxx1112basic_stringIcSt11char_traitsIcESaIcEEEPKc
FNDA:14,_ZN8RailCore22CanonicalizeRcdContentERKNSt7__cxx1112basic_stringIcSt11char_traitsIcESaIcEEE
FNDA:8,_ZN8RailCoreL7fnv1a64EPKhm
FNDA:8,_ZN8RailCore23ComputeRcdIdFromContentERKNSt7__cxx1112basic_stringIcSt11char_traitsIcESaIcEEEPKc
FNF:3
FNH:3
DA:10,14
DA:11,14
DA:12,14
DA:14,230
DA:16,14
DA:17,14
DA:18,14
DA:19,36
DA:20,22
DA:21,34
DA:22,34
DA:23,34
DA:25,22
DA:26,22
DA:28,28
DA:29,14
DA:31,8
DA:32,8
DA:33,8
DA:34,8
DA:35,236
DA:36,228
DA:37,228
DA:39,8
DA:42,8
DA:43,8
DA:44,8
DA:45,8
DA:46,8
DA:47,8
DA:48,8
DA:50,136
DA:51,128
DA:52,128
DA:54,16
DA:55,8
LF:36
LH:36
end_of_record
